## Footprint report - date Wednesday, 15 November 2023, 12:48:18
## Created by KiCad version (7.0.0-0)
## Unit = mm, Angle = deg.

$BeginDESCRIPTION

$BOARD
upper_left_corner 36.633929 72.325000
lower_right_corner 220.050000 152.600000
$EndBOARD

$MODULE C1
footprint Capacitor_THT:C_Disc_D5.0mm_W2.5mm_P2.50mm
attribut none
position 75.000000 83.500000  orientation 90.00
layer front
$PAD "1"
Shape Circle Layer both
position  0.000000  0.000000  size  1.600000  1.600000  orientation 0.00
drill  0.800000
shape_offset  0.000000  0.000000
$EndPAD
$PAD "2"
Shape Circle Layer both
position  2.500000  0.000000  size  1.600000  1.600000  orientation 0.00
drill  0.800000
shape_offset  0.000000  0.000000
$EndPAD
$EndMODULE  C1

$MODULE D1
footprint LED_THT:LED_D3.0mm
attribut none
position 206.975000 92.500000  orientation 0.00
layer front
$PAD "1"
Shape Rect Layer both
position  0.000000  0.000000  size  1.800000  1.800000  orientation 0.00
drill  0.900000
shape_offset  0.000000  0.000000
$EndPAD
$PAD "2"
Shape Circle Layer both
position  2.540000  0.000000  size  1.800000  1.800000  orientation 0.00
drill  0.900000
shape_offset  0.000000  0.000000
$EndPAD
$EndMODULE  D1

$MODULE D2
footprint LED_THT:LED_D3.0mm
attribut none
position 212.225000 92.500000  orientation 0.00
layer front
$PAD "1"
Shape Rect Layer both
position  0.000000  0.000000  size  1.800000  1.800000  orientation 0.00
drill  0.900000
shape_offset  0.000000  0.000000
$EndPAD
$PAD "2"
Shape Circle Layer both
position  2.540000  0.000000  size  1.800000  1.800000  orientation 0.00
drill  0.900000
shape_offset  0.000000  0.000000
$EndPAD
$EndMODULE  D2

$MODULE G***
footprint LOGO
attribut virtual
position 189.600000 135.600000  orientation 0.00
layer front
$EndMODULE  G***

$MODULE J1
footprint Connector_PinSocket_2.54mm:PinSocket_1x04_P2.54mm_Vertical
attribut none
position 201.950000 81.975000  orientation 90.00
layer front
$PAD "1"
Shape Rect Layer both
position  0.000000  0.000000  size  1.700000  1.700000  orientation 0.00
drill  1.000000
shape_offset  0.000000  0.000000
$EndPAD
$PAD "2"
Shape Oval Layer both
position  0.000000  2.540000  size  1.700000  1.700000  orientation 0.00
drill  1.000000
shape_offset  0.000000  0.000000
$EndPAD
$PAD "3"
Shape Oval Layer both
position  0.000000  5.080000  size  1.700000  1.700000  orientation 0.00
drill  1.000000
shape_offset  0.000000  0.000000
$EndPAD
$PAD "4"
Shape Oval Layer both
position  0.000000  7.620000  size  1.700000  1.700000  orientation 0.00
drill  1.000000
shape_offset  0.000000  0.000000
$EndPAD
$EndMODULE  J1

$MODULE J2
footprint Connector_PinSocket_2.54mm:PinSocket_2x03_P2.54mm_Vertical_ICSP
attribut none
position 83.439000 77.343000  orientation 0.00
layer front
$PAD "1"
Shape Rect Layer both
position  0.000000  0.000000  size  1.700000  1.700000  orientation 0.00
drill  1.000000
shape_offset  0.000000  0.000000
$EndPAD
$PAD "2"
Shape Oval Layer both
position -2.540000  0.000000  size  1.700000  1.700000  orientation 0.00
drill  1.000000
shape_offset  0.000000  0.000000
$EndPAD
$PAD "3"
Shape Oval Layer both
position  0.000000  2.540000  size  1.700000  1.700000  orientation 0.00
drill  1.000000
shape_offset  0.000000  0.000000
$EndPAD
$PAD "4"
Shape Oval Layer both
position -2.540000  2.540000  size  1.700000  1.700000  orientation 0.00
drill  1.000000
shape_offset  0.000000  0.000000
$EndPAD
$PAD "5"
Shape Oval Layer both
position  0.000000  5.080000  size  1.700000  1.700000  orientation 0.00
drill  1.000000
shape_offset  0.000000  0.000000
$EndPAD
$PAD "6"
Shape Oval Layer both
position -2.540000  5.080000  size  1.700000  1.700000  orientation 0.00
drill  1.000000
shape_offset  0.000000  0.000000
$EndPAD
$EndMODULE  J2

$MODULE R1
footprint Resistor_THT:R_Axial_DIN0204_L3.6mm_D1.6mm_P7.62mm_Horizontal
attribut none
position 71.000000 149.000000  orientation 90.00
layer front
$PAD "1"
Shape Circle Layer both
position  0.000000  0.000000  size  1.400000  1.400000  orientation 0.00
drill  0.700000
shape_offset  0.000000  0.000000
$EndPAD
$PAD "2"
Shape Oval Layer both
position  7.620000  0.000000  size  1.400000  1.400000  orientation 0.00
drill  0.700000
shape_offset  0.000000  0.000000
$EndPAD
$EndMODULE  R1

$MODULE R2
footprint Resistor_THT:R_Axial_DIN0204_L3.6mm_D1.6mm_P7.62mm_Horizontal
attribut none
position 76.000000 149.000000  orientation 90.00
layer front
$PAD "1"
Shape Circle Layer both
position  0.000000  0.000000  size  1.400000  1.400000  orientation 0.00
drill  0.700000
shape_offset  0.000000  0.000000
$EndPAD
$PAD "2"
Shape Oval Layer both
position  7.620000  0.000000  size  1.400000  1.400000  orientation 0.00
drill  0.700000
shape_offset  0.000000  0.000000
$EndPAD
$EndMODULE  R2

$MODULE R3
footprint Resistor_THT:R_Axial_DIN0204_L3.6mm_D1.6mm_P7.62mm_Horizontal
attribut none
position 78.500000 149.010000  orientation 90.00
layer front
$PAD "1"
Shape Circle Layer both
position  0.000000  0.000000  size  1.400000  1.400000  orientation 0.00
drill  0.700000
shape_offset  0.000000  0.000000
$EndPAD
$PAD "2"
Shape Oval Layer both
position  7.620000  0.000000  size  1.400000  1.400000  orientation 0.00
drill  0.700000
shape_offset  0.000000  0.000000
$EndPAD
$EndMODULE  R3

$MODULE R4
footprint Resistor_THT:R_Axial_DIN0204_L3.6mm_D1.6mm_P7.62mm_Horizontal
attribut none
position 73.500000 149.000000  orientation 90.00
layer front
$PAD "1"
Shape Circle Layer both
position  0.000000  0.000000  size  1.400000  1.400000  orientation 0.00
drill  0.700000
shape_offset  0.000000  0.000000
$EndPAD
$PAD "2"
Shape Oval Layer both
position  7.620000  0.000000  size  1.400000  1.400000  orientation 0.00
drill  0.700000
shape_offset  0.000000  0.000000
$EndPAD
$EndMODULE  R4

$MODULE R5
footprint Resistor_THT:R_Axial_DIN0204_L3.6mm_D1.6mm_P7.62mm_Horizontal
attribut none
position 208.000000 105.750000  orientation 90.00
layer front
$PAD "1"
Shape Circle Layer both
position  0.000000  0.000000  size  1.400000  1.400000  orientation 0.00
drill  0.700000
shape_offset  0.000000  0.000000
$EndPAD
$PAD "2"
Shape Oval Layer both
position  7.620000  0.000000  size  1.400000  1.400000  orientation 0.00
drill  0.700000
shape_offset  0.000000  0.000000
$EndPAD
$EndMODULE  R5

$MODULE R6
footprint Resistor_THT:R_Axial_DIN0204_L3.6mm_D1.6mm_P7.62mm_Horizontal
attribut none
position 179.750000 148.810000  orientation 90.00
layer front
$PAD "1"
Shape Circle Layer both
position  0.000000  0.000000  size  1.400000  1.400000  orientation 0.00
drill  0.700000
shape_offset  0.000000  0.000000
$EndPAD
$PAD "2"
Shape Oval Layer both
position  7.620000  0.000000  size  1.400000  1.400000  orientation 0.00
drill  0.700000
shape_offset  0.000000  0.000000
$EndPAD
$EndMODULE  R6

$MODULE R7
footprint Resistor_THT:R_Axial_DIN0204_L3.6mm_D1.6mm_P7.62mm_Horizontal
attribut none
position 203.000000 105.750000  orientation 90.00
layer front
$PAD "1"
Shape Circle Layer both
position  0.000000  0.000000  size  1.400000  1.400000  orientation 0.00
drill  0.700000
shape_offset  0.000000  0.000000
$EndPAD
$PAD "2"
Shape Oval Layer both
position  7.620000  0.000000  size  1.400000  1.400000  orientation 0.00
drill  0.700000
shape_offset  0.000000  0.000000
$EndPAD
$EndMODULE  R7

$MODULE R8
footprint Resistor_THT:R_Axial_DIN0204_L3.6mm_D1.6mm_P7.62mm_Horizontal
attribut none
position 177.250000 148.810000  orientation 90.00
layer front
$PAD "1"
Shape Circle Layer both
position  0.000000  0.000000  size  1.400000  1.400000  orientation 0.00
drill  0.700000
shape_offset  0.000000  0.000000
$EndPAD
$PAD "2"
Shape Oval Layer both
position  7.620000  0.000000  size  1.400000  1.400000  orientation 0.00
drill  0.700000
shape_offset  0.000000  0.000000
$EndPAD
$EndMODULE  R8

$MODULE R9
footprint Resistor_THT:R_Axial_DIN0204_L3.6mm_D1.6mm_P7.62mm_Horizontal
attribut none
position 210.500000 105.750000  orientation 90.00
layer front
$PAD "1"
Shape Circle Layer both
position  0.000000  0.000000  size  1.400000  1.400000  orientation 0.00
drill  0.700000
shape_offset  0.000000  0.000000
$EndPAD
$PAD "2"
Shape Oval Layer both
position  7.620000  0.000000  size  1.400000  1.400000  orientation 0.00
drill  0.700000
shape_offset  0.000000  0.000000
$EndPAD
$EndMODULE  R9

$MODULE R10
footprint Resistor_THT:R_Axial_DIN0204_L3.6mm_D1.6mm_P7.62mm_Horizontal
attribut none
position 169.750000 148.810000  orientation 90.00
layer front
$PAD "1"
Shape Circle Layer both
position  0.000000  0.000000  size  1.400000  1.400000  orientation 0.00
drill  0.700000
shape_offset  0.000000  0.000000
$EndPAD
$PAD "2"
Shape Oval Layer both
position  7.620000  0.000000  size  1.400000  1.400000  orientation 0.00
drill  0.700000
shape_offset  0.000000  0.000000
$EndPAD
$EndMODULE  R10

$MODULE R11
footprint Resistor_THT:R_Axial_DIN0204_L3.6mm_D1.6mm_P7.62mm_Horizontal
attribut none
position 174.750000 148.810000  orientation 90.00
layer front
$PAD "1"
Shape Circle Layer both
position  0.000000  0.000000  size  1.400000  1.400000  orientation 0.00
drill  0.700000
shape_offset  0.000000  0.000000
$EndPAD
$PAD "2"
Shape Oval Layer both
position  7.620000  0.000000  size  1.400000  1.400000  orientation 0.00
drill  0.700000
shape_offset  0.000000  0.000000
$EndPAD
$EndMODULE  R11

$MODULE R12
footprint Resistor_THT:R_Axial_DIN0204_L3.6mm_D1.6mm_P7.62mm_Horizontal
attribut none
position 140.000000 148.750000  orientation 90.00
layer front
$PAD "1"
Shape Circle Layer both
position  0.000000  0.000000  size  1.400000  1.400000  orientation 0.00
drill  0.700000
shape_offset  0.000000  0.000000
$EndPAD
$PAD "2"
Shape Oval Layer both
position  7.620000  0.000000  size  1.400000  1.400000  orientation 0.00
drill  0.700000
shape_offset  0.000000  0.000000
$EndPAD
$EndMODULE  R12

$MODULE R13
footprint Resistor_THT:R_Axial_DIN0204_L3.6mm_D1.6mm_P7.62mm_Horizontal
attribut none
position 137.500000 148.750000  orientation 90.00
layer front
$PAD "1"
Shape Circle Layer both
position  0.000000  0.000000  size  1.400000  1.400000  orientation 0.00
drill  0.700000
shape_offset  0.000000  0.000000
$EndPAD
$PAD "2"
Shape Oval Layer both
position  7.620000  0.000000  size  1.400000  1.400000  orientation 0.00
drill  0.700000
shape_offset  0.000000  0.000000
$EndPAD
$EndMODULE  R13

$MODULE R14
footprint Resistor_THT:R_Axial_DIN0204_L3.6mm_D1.6mm_P7.62mm_Horizontal
attribut none
position 145.000000 148.750000  orientation 90.00
layer front
$PAD "1"
Shape Circle Layer both
position  0.000000  0.000000  size  1.400000  1.400000  orientation 0.00
drill  0.700000
shape_offset  0.000000  0.000000
$EndPAD
$PAD "2"
Shape Oval Layer both
position  7.620000  0.000000  size  1.400000  1.400000  orientation 0.00
drill  0.700000
shape_offset  0.000000  0.000000
$EndPAD
$EndMODULE  R14

$MODULE R15
footprint Resistor_THT:R_Axial_DIN0204_L3.6mm_D1.6mm_P7.62mm_Horizontal
attribut none
position 205.500000 105.760000  orientation 90.00
layer front
$PAD "1"
Shape Circle Layer both
position  0.000000  0.000000  size  1.400000  1.400000  orientation 0.00
drill  0.700000
shape_offset  0.000000  0.000000
$EndPAD
$PAD "2"
Shape Oval Layer both
position  7.620000  0.000000  size  1.400000  1.400000  orientation 0.00
drill  0.700000
shape_offset  0.000000  0.000000
$EndPAD
$EndMODULE  R15

$MODULE R16
footprint Resistor_THT:R_Axial_DIN0204_L3.6mm_D1.6mm_P7.62mm_Horizontal
attribut none
position 215.500000 98.125000  orientation -90.00
layer front
$PAD "1"
Shape Circle Layer both
position  0.000000  0.000000  size  1.400000  1.400000  orientation 360.00
drill  0.700000
shape_offset  0.000000  0.000000
$EndPAD
$PAD "2"
Shape Oval Layer both
position  7.620000  0.000000  size  1.400000  1.400000  orientation 360.00
drill  0.700000
shape_offset  0.000000  0.000000
$EndPAD
$EndMODULE  R16

$MODULE R17
footprint Resistor_THT:R_Axial_DIN0204_L3.6mm_D1.6mm_P7.62mm_Horizontal
attribut none
position 135.000000 148.750000  orientation 90.00
layer front
$PAD "1"
Shape Circle Layer both
position  0.000000  0.000000  size  1.400000  1.400000  orientation 0.00
drill  0.700000
shape_offset  0.000000  0.000000
$EndPAD
$PAD "2"
Shape Oval Layer both
position  7.620000  0.000000  size  1.400000  1.400000  orientation 0.00
drill  0.700000
shape_offset  0.000000  0.000000
$EndPAD
$EndMODULE  R17

$MODULE R18
footprint Resistor_THT:R_Axial_DIN0204_L3.6mm_D1.6mm_P7.62mm_Horizontal
attribut none
position 213.000000 105.750000  orientation 90.00
layer front
$PAD "1"
Shape Circle Layer both
position  0.000000  0.000000  size  1.400000  1.400000  orientation 0.00
drill  0.700000
shape_offset  0.000000  0.000000
$EndPAD
$PAD "2"
Shape Oval Layer both
position  7.620000  0.000000  size  1.400000  1.400000  orientation 0.00
drill  0.700000
shape_offset  0.000000  0.000000
$EndPAD
$EndMODULE  R18

$MODULE R19
footprint Resistor_THT:R_Axial_DIN0204_L3.6mm_D1.6mm_P7.62mm_Horizontal
attribut none
position 142.500000 148.750000  orientation 90.00
layer front
$PAD "1"
Shape Circle Layer both
position  0.000000  0.000000  size  1.400000  1.400000  orientation 0.00
drill  0.700000
shape_offset  0.000000  0.000000
$EndPAD
$PAD "2"
Shape Oval Layer both
position  7.620000  0.000000  size  1.400000  1.400000  orientation 0.00
drill  0.700000
shape_offset  0.000000  0.000000
$EndPAD
$EndMODULE  R19

$MODULE R20
footprint Resistor_THT:R_Axial_DIN0204_L3.6mm_D1.6mm_P7.62mm_Horizontal
attribut none
position 172.250000 148.810000  orientation 90.00
layer front
$PAD "1"
Shape Circle Layer both
position  0.000000  0.000000  size  1.400000  1.400000  orientation 0.00
drill  0.700000
shape_offset  0.000000  0.000000
$EndPAD
$PAD "2"
Shape Oval Layer both
position  7.620000  0.000000  size  1.400000  1.400000  orientation 0.00
drill  0.700000
shape_offset  0.000000  0.000000
$EndPAD
$EndMODULE  R20

$MODULE RN1
footprint Resistor_THT:R_Array_SIP9
attribut none
position 160.020000 81.788000  orientation 0.00
layer front
$PAD "1"
Shape Rect Layer both
position  0.000000  0.000000  size  1.600000  1.600000  orientation 0.00
drill  0.800000
shape_offset  0.000000  0.000000
$EndPAD
$PAD "2"
Shape Oval Layer both
position  2.540000  0.000000  size  1.600000  1.600000  orientation 0.00
drill  0.800000
shape_offset  0.000000  0.000000
$EndPAD
$PAD "3"
Shape Oval Layer both
position  5.080000  0.000000  size  1.600000  1.600000  orientation 0.00
drill  0.800000
shape_offset  0.000000  0.000000
$EndPAD
$PAD "4"
Shape Oval Layer both
position  7.620000  0.000000  size  1.600000  1.600000  orientation 0.00
drill  0.800000
shape_offset  0.000000  0.000000
$EndPAD
$PAD "5"
Shape Oval Layer both
position 10.160000  0.000000  size  1.600000  1.600000  orientation 0.00
drill  0.800000
shape_offset  0.000000  0.000000
$EndPAD
$PAD "6"
Shape Oval Layer both
position 12.700000  0.000000  size  1.600000  1.600000  orientation 0.00
drill  0.800000
shape_offset  0.000000  0.000000
$EndPAD
$PAD "7"
Shape Oval Layer both
position 15.240000  0.000000  size  1.600000  1.600000  orientation 0.00
drill  0.800000
shape_offset  0.000000  0.000000
$EndPAD
$PAD "8"
Shape Oval Layer both
position 17.780000  0.000000  size  1.600000  1.600000  orientation 0.00
drill  0.800000
shape_offset  0.000000  0.000000
$EndPAD
$PAD "9"
Shape Oval Layer both
position 20.320000  0.000000  size  1.600000  1.600000  orientation 0.00
drill  0.800000
shape_offset  0.000000  0.000000
$EndPAD
$EndMODULE  RN1

$MODULE SW1
footprint Button_Switch_THT:SW_PUSH_KEYB_6mm_H4.3mm
attribut none
position 48.511500 90.043500  orientation 0.00
layer front
$PAD "1"
Shape Circle Layer both
position  0.000000  0.000000  size  2.000000  2.000000  orientation 90.00
drill  1.100000
shape_offset  0.000000  0.000000
$EndPAD
$PAD "1"
Shape Circle Layer both
position  6.500000  0.000000  size  2.000000  2.000000  orientation 90.00
drill  1.100000
shape_offset  0.000000  0.000000
$EndPAD
$PAD "2"
Shape Circle Layer both
position  0.000000  4.500000  size  2.000000  2.000000  orientation 90.00
drill  1.100000
shape_offset  0.000000  0.000000
$EndPAD
$PAD "2"
Shape Circle Layer both
position  6.500000  4.500000  size  2.000000  2.000000  orientation 90.00
drill  1.100000
shape_offset  0.000000  0.000000
$EndPAD
$EndMODULE  SW1

$MODULE SW2
footprint Button_Switch_THT:SW_PUSH_KEYB_6mm_H4.3mm
attribut none
position 60.011500 89.993500  orientation 0.00
layer front
$PAD "1"
Shape Circle Layer both
position  0.000000  0.000000  size  2.000000  2.000000  orientation 90.00
drill  1.100000
shape_offset  0.000000  0.000000
$EndPAD
$PAD "1"
Shape Circle Layer both
position  6.500000  0.000000  size  2.000000  2.000000  orientation 90.00
drill  1.100000
shape_offset  0.000000  0.000000
$EndPAD
$PAD "2"
Shape Circle Layer both
position  0.000000  4.500000  size  2.000000  2.000000  orientation 90.00
drill  1.100000
shape_offset  0.000000  0.000000
$EndPAD
$PAD "2"
Shape Circle Layer both
position  6.500000  4.500000  size  2.000000  2.000000  orientation 90.00
drill  1.100000
shape_offset  0.000000  0.000000
$EndPAD
$EndMODULE  SW2

$MODULE SW3
footprint Button_Switch_THT:SW_PUSH_KEYB_6mm_H4.3mm
attribut none
position 70.011500 90.000000  orientation 0.00
layer front
$PAD "1"
Shape Circle Layer both
position  0.000000  0.000000  size  2.000000  2.000000  orientation 90.00
drill  1.100000
shape_offset  0.000000  0.000000
$EndPAD
$PAD "1"
Shape Circle Layer both
position  6.500000  0.000000  size  2.000000  2.000000  orientation 90.00
drill  1.100000
shape_offset  0.000000  0.000000
$EndPAD
$PAD "2"
Shape Circle Layer both
position  0.000000  4.500000  size  2.000000  2.000000  orientation 90.00
drill  1.100000
shape_offset  0.000000  0.000000
$EndPAD
$PAD "2"
Shape Circle Layer both
position  6.500000  4.500000  size  2.000000  2.000000  orientation 90.00
drill  1.100000
shape_offset  0.000000  0.000000
$EndPAD
$EndMODULE  SW3

$MODULE SW4
footprint Button_Switch_THT:SW_PUSH_KEYB_6mm_H4.3mm
attribut none
position 80.011500 90.000000  orientation 0.00
layer front
$PAD "1"
Shape Circle Layer both
position  0.000000  0.000000  size  2.000000  2.000000  orientation 90.00
drill  1.100000
shape_offset  0.000000  0.000000
$EndPAD
$PAD "1"
Shape Circle Layer both
position  6.500000  0.000000  size  2.000000  2.000000  orientation 90.00
drill  1.100000
shape_offset  0.000000  0.000000
$EndPAD
$PAD "2"
Shape Circle Layer both
position  0.000000  4.500000  size  2.000000  2.000000  orientation 90.00
drill  1.100000
shape_offset  0.000000  0.000000
$EndPAD
$PAD "2"
Shape Circle Layer both
position  6.500000  4.500000  size  2.000000  2.000000  orientation 90.00
drill  1.100000
shape_offset  0.000000  0.000000
$EndPAD
$EndMODULE  SW4

$MODULE SW5
footprint Button_Switch_THT:SW_PUSH_KEYB_6mm_H4.3mm
attribut none
position 90.011500 90.000000  orientation 0.00
layer front
$PAD "1"
Shape Circle Layer both
position  0.000000  0.000000  size  2.000000  2.000000  orientation 90.00
drill  1.100000
shape_offset  0.000000  0.000000
$EndPAD
$PAD "1"
Shape Circle Layer both
position  6.500000  0.000000  size  2.000000  2.000000  orientation 90.00
drill  1.100000
shape_offset  0.000000  0.000000
$EndPAD
$PAD "2"
Shape Circle Layer both
position  0.000000  4.500000  size  2.000000  2.000000  orientation 90.00
drill  1.100000
shape_offset  0.000000  0.000000
$EndPAD
$PAD "2"
Shape Circle Layer both
position  6.500000  4.500000  size  2.000000  2.000000  orientation 90.00
drill  1.100000
shape_offset  0.000000  0.000000
$EndPAD
$EndMODULE  SW5

$MODULE SW6
footprint Button_Switch_THT:SW_PUSH_KEYB_6mm_H4.3mm
attribut none
position 48.500000 100.793500  orientation 0.00
layer front
$PAD "1"
Shape Circle Layer both
position  0.000000  0.000000  size  2.000000  2.000000  orientation 90.00
drill  1.100000
shape_offset  0.000000  0.000000
$EndPAD
$PAD "1"
Shape Circle Layer both
position  6.500000  0.000000  size  2.000000  2.000000  orientation 90.00
drill  1.100000
shape_offset  0.000000  0.000000
$EndPAD
$PAD "2"
Shape Circle Layer both
position  0.000000  4.500000  size  2.000000  2.000000  orientation 90.00
drill  1.100000
shape_offset  0.000000  0.000000
$EndPAD
$PAD "2"
Shape Circle Layer both
position  6.500000  4.500000  size  2.000000  2.000000  orientation 90.00
drill  1.100000
shape_offset  0.000000  0.000000
$EndPAD
$EndMODULE  SW6

$MODULE SW7
footprint Button_Switch_THT:SW_PUSH_KEYB_6mm_H4.3mm
attribut none
position 60.011500 100.793500  orientation 0.00
layer front
$PAD "1"
Shape Circle Layer both
position  0.000000  0.000000  size  2.000000  2.000000  orientation 90.00
drill  1.100000
shape_offset  0.000000  0.000000
$EndPAD
$PAD "1"
Shape Circle Layer both
position  6.500000  0.000000  size  2.000000  2.000000  orientation 90.00
drill  1.100000
shape_offset  0.000000  0.000000
$EndPAD
$PAD "2"
Shape Circle Layer both
position  0.000000  4.500000  size  2.000000  2.000000  orientation 90.00
drill  1.100000
shape_offset  0.000000  0.000000
$EndPAD
$PAD "2"
Shape Circle Layer both
position  6.500000  4.500000  size  2.000000  2.000000  orientation 90.00
drill  1.100000
shape_offset  0.000000  0.000000
$EndPAD
$EndMODULE  SW7

$MODULE SW8
footprint Button_Switch_THT:SW_PUSH_KEYB_6mm_H4.3mm
attribut none
position 70.011500 100.793500  orientation 0.00
layer front
$PAD "1"
Shape Circle Layer both
position  0.000000  0.000000  size  2.000000  2.000000  orientation 90.00
drill  1.100000
shape_offset  0.000000  0.000000
$EndPAD
$PAD "1"
Shape Circle Layer both
position  6.500000  0.000000  size  2.000000  2.000000  orientation 90.00
drill  1.100000
shape_offset  0.000000  0.000000
$EndPAD
$PAD "2"
Shape Circle Layer both
position  0.000000  4.500000  size  2.000000  2.000000  orientation 90.00
drill  1.100000
shape_offset  0.000000  0.000000
$EndPAD
$PAD "2"
Shape Circle Layer both
position  6.500000  4.500000  size  2.000000  2.000000  orientation 90.00
drill  1.100000
shape_offset  0.000000  0.000000
$EndPAD
$EndMODULE  SW8

$MODULE SW9
footprint Button_Switch_THT:SW_PUSH_KEYB_6mm_H4.3mm
attribut none
position 100.011500 90.000000  orientation 0.00
layer front
$PAD "1"
Shape Circle Layer both
position  0.000000  0.000000  size  2.000000  2.000000  orientation 90.00
drill  1.100000
shape_offset  0.000000  0.000000
$EndPAD
$PAD "1"
Shape Circle Layer both
position  6.500000  0.000000  size  2.000000  2.000000  orientation 90.00
drill  1.100000
shape_offset  0.000000  0.000000
$EndPAD
$PAD "2"
Shape Circle Layer both
position  0.000000  4.500000  size  2.000000  2.000000  orientation 90.00
drill  1.100000
shape_offset  0.000000  0.000000
$EndPAD
$PAD "2"
Shape Circle Layer both
position  6.500000  4.500000  size  2.000000  2.000000  orientation 90.00
drill  1.100000
shape_offset  0.000000  0.000000
$EndPAD
$EndMODULE  SW9

$MODULE SW10
footprint Button_Switch_THT:SW_PUSH_KEYB_6mm_H4.3mm
attribut none
position 110.011500 90.000000  orientation 0.00
layer front
$PAD "1"
Shape Circle Layer both
position  0.000000  0.000000  size  2.000000  2.000000  orientation 90.00
drill  1.100000
shape_offset  0.000000  0.000000
$EndPAD
$PAD "1"
Shape Circle Layer both
position  6.500000  0.000000  size  2.000000  2.000000  orientation 90.00
drill  1.100000
shape_offset  0.000000  0.000000
$EndPAD
$PAD "2"
Shape Circle Layer both
position  0.000000  4.500000  size  2.000000  2.000000  orientation 90.00
drill  1.100000
shape_offset  0.000000  0.000000
$EndPAD
$PAD "2"
Shape Circle Layer both
position  6.500000  4.500000  size  2.000000  2.000000  orientation 90.00
drill  1.100000
shape_offset  0.000000  0.000000
$EndPAD
$EndMODULE  SW10

$MODULE SW11
footprint Button_Switch_THT:SW_PUSH_KEYB_6mm_H4.3mm
attribut none
position 120.011500 90.000000  orientation 0.00
layer front
$PAD "1"
Shape Circle Layer both
position  0.000000  0.000000  size  2.000000  2.000000  orientation 90.00
drill  1.100000
shape_offset  0.000000  0.000000
$EndPAD
$PAD "1"
Shape Circle Layer both
position  6.500000  0.000000  size  2.000000  2.000000  orientation 90.00
drill  1.100000
shape_offset  0.000000  0.000000
$EndPAD
$PAD "2"
Shape Circle Layer both
position  0.000000  4.500000  size  2.000000  2.000000  orientation 90.00
drill  1.100000
shape_offset  0.000000  0.000000
$EndPAD
$PAD "2"
Shape Circle Layer both
position  6.500000  4.500000  size  2.000000  2.000000  orientation 90.00
drill  1.100000
shape_offset  0.000000  0.000000
$EndPAD
$EndMODULE  SW11

$MODULE SW12
footprint Button_Switch_THT:SW_PUSH_KEYB_6mm_H4.3mm
attribut none
position 130.011500 90.000000  orientation 0.00
layer front
$PAD "1"
Shape Circle Layer both
position  0.000000  0.000000  size  2.000000  2.000000  orientation 90.00
drill  1.100000
shape_offset  0.000000  0.000000
$EndPAD
$PAD "1"
Shape Circle Layer both
position  6.500000  0.000000  size  2.000000  2.000000  orientation 90.00
drill  1.100000
shape_offset  0.000000  0.000000
$EndPAD
$PAD "2"
Shape Circle Layer both
position  0.000000  4.500000  size  2.000000  2.000000  orientation 90.00
drill  1.100000
shape_offset  0.000000  0.000000
$EndPAD
$PAD "2"
Shape Circle Layer both
position  6.500000  4.500000  size  2.000000  2.000000  orientation 90.00
drill  1.100000
shape_offset  0.000000  0.000000
$EndPAD
$EndMODULE  SW12

$MODULE SW13
footprint Button_Switch_THT:SW_PUSH_KEYB_6mm_H4.3mm
attribut none
position 140.011500 90.000000  orientation 0.00
layer front
$PAD "1"
Shape Circle Layer both
position  0.000000  0.000000  size  2.000000  2.000000  orientation 90.00
drill  1.100000
shape_offset  0.000000  0.000000
$EndPAD
$PAD "1"
Shape Circle Layer both
position  6.500000  0.000000  size  2.000000  2.000000  orientation 90.00
drill  1.100000
shape_offset  0.000000  0.000000
$EndPAD
$PAD "2"
Shape Circle Layer both
position  0.000000  4.500000  size  2.000000  2.000000  orientation 90.00
drill  1.100000
shape_offset  0.000000  0.000000
$EndPAD
$PAD "2"
Shape Circle Layer both
position  6.500000  4.500000  size  2.000000  2.000000  orientation 90.00
drill  1.100000
shape_offset  0.000000  0.000000
$EndPAD
$EndMODULE  SW13

$MODULE SW14
footprint Button_Switch_THT:SW_PUSH_KEYB_6mm_H4.3mm
attribut none
position 150.000000 90.000000  orientation 0.00
layer front
$PAD "1"
Shape Circle Layer both
position  0.000000  0.000000  size  2.000000  2.000000  orientation 90.00
drill  1.100000
shape_offset  0.000000  0.000000
$EndPAD
$PAD "1"
Shape Circle Layer both
position  6.500000  0.000000  size  2.000000  2.000000  orientation 90.00
drill  1.100000
shape_offset  0.000000  0.000000
$EndPAD
$PAD "2"
Shape Circle Layer both
position  0.000000  4.500000  size  2.000000  2.000000  orientation 90.00
drill  1.100000
shape_offset  0.000000  0.000000
$EndPAD
$PAD "2"
Shape Circle Layer both
position  6.500000  4.500000  size  2.000000  2.000000  orientation 90.00
drill  1.100000
shape_offset  0.000000  0.000000
$EndPAD
$EndMODULE  SW14

$MODULE SW15
footprint Button_Switch_THT:SW_PUSH_KEYB_6mm_H4.3mm
attribut none
position 160.011500 90.000000  orientation 0.00
layer front
$PAD "1"
Shape Circle Layer both
position  0.000000  0.000000  size  2.000000  2.000000  orientation 90.00
drill  1.100000
shape_offset  0.000000  0.000000
$EndPAD
$PAD "1"
Shape Circle Layer both
position  6.500000  0.000000  size  2.000000  2.000000  orientation 90.00
drill  1.100000
shape_offset  0.000000  0.000000
$EndPAD
$PAD "2"
Shape Circle Layer both
position  0.000000  4.500000  size  2.000000  2.000000  orientation 90.00
drill  1.100000
shape_offset  0.000000  0.000000
$EndPAD
$PAD "2"
Shape Circle Layer both
position  6.500000  4.500000  size  2.000000  2.000000  orientation 90.00
drill  1.100000
shape_offset  0.000000  0.000000
$EndPAD
$EndMODULE  SW15

$MODULE SW16
footprint Button_Switch_THT:SW_PUSH_KEYB_6mm_H4.3mm
attribut none
position 170.000000 90.000000  orientation 0.00
layer front
$PAD "1"
Shape Circle Layer both
position  0.000000  0.000000  size  2.000000  2.000000  orientation 90.00
drill  1.100000
shape_offset  0.000000  0.000000
$EndPAD
$PAD "1"
Shape Circle Layer both
position  6.500000  0.000000  size  2.000000  2.000000  orientation 90.00
drill  1.100000
shape_offset  0.000000  0.000000
$EndPAD
$PAD "2"
Shape Circle Layer both
position  0.000000  4.500000  size  2.000000  2.000000  orientation 90.00
drill  1.100000
shape_offset  0.000000  0.000000
$EndPAD
$PAD "2"
Shape Circle Layer both
position  6.500000  4.500000  size  2.000000  2.000000  orientation 90.00
drill  1.100000
shape_offset  0.000000  0.000000
$EndPAD
$EndMODULE  SW16

$MODULE SW17
footprint Button_Switch_THT:SW_PUSH_KEYB_6mm_H4.3mm
attribut none
position 80.011500 100.793500  orientation 0.00
layer front
$PAD "1"
Shape Circle Layer both
position  0.000000  0.000000  size  2.000000  2.000000  orientation 90.00
drill  1.100000
shape_offset  0.000000  0.000000
$EndPAD
$PAD "1"
Shape Circle Layer both
position  6.500000  0.000000  size  2.000000  2.000000  orientation 90.00
drill  1.100000
shape_offset  0.000000  0.000000
$EndPAD
$PAD "2"
Shape Circle Layer both
position  0.000000  4.500000  size  2.000000  2.000000  orientation 90.00
drill  1.100000
shape_offset  0.000000  0.000000
$EndPAD
$PAD "2"
Shape Circle Layer both
position  6.500000  4.500000  size  2.000000  2.000000  orientation 90.00
drill  1.100000
shape_offset  0.000000  0.000000
$EndPAD
$EndMODULE  SW17

$MODULE SW18
footprint Button_Switch_THT:SW_PUSH_KEYB_6mm_H4.3mm
attribut none
position 90.011500 100.793500  orientation 0.00
layer front
$PAD "1"
Shape Circle Layer both
position  0.000000  0.000000  size  2.000000  2.000000  orientation 90.00
drill  1.100000
shape_offset  0.000000  0.000000
$EndPAD
$PAD "1"
Shape Circle Layer both
position  6.500000  0.000000  size  2.000000  2.000000  orientation 90.00
drill  1.100000
shape_offset  0.000000  0.000000
$EndPAD
$PAD "2"
Shape Circle Layer both
position  0.000000  4.500000  size  2.000000  2.000000  orientation 90.00
drill  1.100000
shape_offset  0.000000  0.000000
$EndPAD
$PAD "2"
Shape Circle Layer both
position  6.500000  4.500000  size  2.000000  2.000000  orientation 90.00
drill  1.100000
shape_offset  0.000000  0.000000
$EndPAD
$EndMODULE  SW18

$MODULE SW19
footprint Button_Switch_THT:SW_PUSH_KEYB_6mm_H4.3mm
attribut none
position 100.011500 100.793500  orientation 0.00
layer front
$PAD "1"
Shape Circle Layer both
position  0.000000  0.000000  size  2.000000  2.000000  orientation 90.00
drill  1.100000
shape_offset  0.000000  0.000000
$EndPAD
$PAD "1"
Shape Circle Layer both
position  6.500000  0.000000  size  2.000000  2.000000  orientation 90.00
drill  1.100000
shape_offset  0.000000  0.000000
$EndPAD
$PAD "2"
Shape Circle Layer both
position  0.000000  4.500000  size  2.000000  2.000000  orientation 90.00
drill  1.100000
shape_offset  0.000000  0.000000
$EndPAD
$PAD "2"
Shape Circle Layer both
position  6.500000  4.500000  size  2.000000  2.000000  orientation 90.00
drill  1.100000
shape_offset  0.000000  0.000000
$EndPAD
$EndMODULE  SW19

$MODULE SW20
footprint Button_Switch_THT:SW_PUSH_KEYB_6mm_H4.3mm
attribut none
position 110.011500 100.793500  orientation 0.00
layer front
$PAD "1"
Shape Circle Layer both
position  0.000000  0.000000  size  2.000000  2.000000  orientation 90.00
drill  1.100000
shape_offset  0.000000  0.000000
$EndPAD
$PAD "1"
Shape Circle Layer both
position  6.500000  0.000000  size  2.000000  2.000000  orientation 90.00
drill  1.100000
shape_offset  0.000000  0.000000
$EndPAD
$PAD "2"
Shape Circle Layer both
position  0.000000  4.500000  size  2.000000  2.000000  orientation 90.00
drill  1.100000
shape_offset  0.000000  0.000000
$EndPAD
$PAD "2"
Shape Circle Layer both
position  6.500000  4.500000  size  2.000000  2.000000  orientation 90.00
drill  1.100000
shape_offset  0.000000  0.000000
$EndPAD
$EndMODULE  SW20

$MODULE SW21
footprint Button_Switch_THT:SW_PUSH_KEYB_6mm_H4.3mm
attribut none
position 120.011500 100.793500  orientation 0.00
layer front
$PAD "1"
Shape Circle Layer both
position  0.000000  0.000000  size  2.000000  2.000000  orientation 90.00
drill  1.100000
shape_offset  0.000000  0.000000
$EndPAD
$PAD "1"
Shape Circle Layer both
position  6.500000  0.000000  size  2.000000  2.000000  orientation 90.00
drill  1.100000
shape_offset  0.000000  0.000000
$EndPAD
$PAD "2"
Shape Circle Layer both
position  0.000000  4.500000  size  2.000000  2.000000  orientation 90.00
drill  1.100000
shape_offset  0.000000  0.000000
$EndPAD
$PAD "2"
Shape Circle Layer both
position  6.500000  4.500000  size  2.000000  2.000000  orientation 90.00
drill  1.100000
shape_offset  0.000000  0.000000
$EndPAD
$EndMODULE  SW21

$MODULE SW22
footprint Button_Switch_THT:SW_PUSH_KEYB_6mm_H4.3mm
attribut none
position 130.011500 100.793500  orientation 0.00
layer front
$PAD "1"
Shape Circle Layer both
position  0.000000  0.000000  size  2.000000  2.000000  orientation 90.00
drill  1.100000
shape_offset  0.000000  0.000000
$EndPAD
$PAD "1"
Shape Circle Layer both
position  6.500000  0.000000  size  2.000000  2.000000  orientation 90.00
drill  1.100000
shape_offset  0.000000  0.000000
$EndPAD
$PAD "2"
Shape Circle Layer both
position  0.000000  4.500000  size  2.000000  2.000000  orientation 90.00
drill  1.100000
shape_offset  0.000000  0.000000
$EndPAD
$PAD "2"
Shape Circle Layer both
position  6.500000  4.500000  size  2.000000  2.000000  orientation 90.00
drill  1.100000
shape_offset  0.000000  0.000000
$EndPAD
$EndMODULE  SW22

$MODULE SW23
footprint Button_Switch_THT:SW_PUSH_KEYB_6mm_H4.3mm
attribut none
position 140.011500 100.793500  orientation 0.00
layer front
$PAD "1"
Shape Circle Layer both
position  0.000000  0.000000  size  2.000000  2.000000  orientation 90.00
drill  1.100000
shape_offset  0.000000  0.000000
$EndPAD
$PAD "1"
Shape Circle Layer both
position  6.500000  0.000000  size  2.000000  2.000000  orientation 90.00
drill  1.100000
shape_offset  0.000000  0.000000
$EndPAD
$PAD "2"
Shape Circle Layer both
position  0.000000  4.500000  size  2.000000  2.000000  orientation 90.00
drill  1.100000
shape_offset  0.000000  0.000000
$EndPAD
$PAD "2"
Shape Circle Layer both
position  6.500000  4.500000  size  2.000000  2.000000  orientation 90.00
drill  1.100000
shape_offset  0.000000  0.000000
$EndPAD
$EndMODULE  SW23

$MODULE SW24
footprint Button_Switch_THT:SW_PUSH_KEYB_6mm_H4.3mm
attribut none
position 150.011500 100.793500  orientation 0.00
layer front
$PAD "1"
Shape Circle Layer both
position  0.000000  0.000000  size  2.000000  2.000000  orientation 90.00
drill  1.100000
shape_offset  0.000000  0.000000
$EndPAD
$PAD "1"
Shape Circle Layer both
position  6.500000  0.000000  size  2.000000  2.000000  orientation 90.00
drill  1.100000
shape_offset  0.000000  0.000000
$EndPAD
$PAD "2"
Shape Circle Layer both
position  0.000000  4.500000  size  2.000000  2.000000  orientation 90.00
drill  1.100000
shape_offset  0.000000  0.000000
$EndPAD
$PAD "2"
Shape Circle Layer both
position  6.500000  4.500000  size  2.000000  2.000000  orientation 90.00
drill  1.100000
shape_offset  0.000000  0.000000
$EndPAD
$EndMODULE  SW24

$MODULE SW25
footprint Button_Switch_THT:SW_PUSH_KEYB_6mm_H4.3mm
attribut none
position 196.011500 133.087000  orientation 0.00
layer front
$PAD "1"
Shape Circle Layer both
position  0.000000  0.000000  size  2.000000  2.000000  orientation 90.00
drill  1.100000
shape_offset  0.000000  0.000000
$EndPAD
$PAD "1"
Shape Circle Layer both
position  6.500000  0.000000  size  2.000000  2.000000  orientation 90.00
drill  1.100000
shape_offset  0.000000  0.000000
$EndPAD
$PAD "2"
Shape Circle Layer both
position  0.000000  4.500000  size  2.000000  2.000000  orientation 90.00
drill  1.100000
shape_offset  0.000000  0.000000
$EndPAD
$PAD "2"
Shape Circle Layer both
position  6.500000  4.500000  size  2.000000  2.000000  orientation 90.00
drill  1.100000
shape_offset  0.000000  0.000000
$EndPAD
$EndMODULE  SW25

$MODULE SW26
footprint Button_Switch_THT:SW_PUSH_KEYB_6mm_H4.3mm
attribut none
position 196.011500 143.793500  orientation 0.00
layer front
$PAD "1"
Shape Circle Layer both
position  0.000000  0.000000  size  2.000000  2.000000  orientation 90.00
drill  1.100000
shape_offset  0.000000  0.000000
$EndPAD
$PAD "1"
Shape Circle Layer both
position  6.500000  0.000000  size  2.000000  2.000000  orientation 90.00
drill  1.100000
shape_offset  0.000000  0.000000
$EndPAD
$PAD "2"
Shape Circle Layer both
position  0.000000  4.500000  size  2.000000  2.000000  orientation 90.00
drill  1.100000
shape_offset  0.000000  0.000000
$EndPAD
$PAD "2"
Shape Circle Layer both
position  6.500000  4.500000  size  2.000000  2.000000  orientation 90.00
drill  1.100000
shape_offset  0.000000  0.000000
$EndPAD
$EndMODULE  SW26

$MODULE SW27
footprint Button_Switch_THT:SW_PUSH_KEYB_6mm_H4.3mm
attribut none
position 186.011500 143.793500  orientation 0.00
layer front
$PAD "1"
Shape Circle Layer both
position  0.000000  0.000000  size  2.000000  2.000000  orientation 90.00
drill  1.100000
shape_offset  0.000000  0.000000
$EndPAD
$PAD "1"
Shape Circle Layer both
position  6.500000  0.000000  size  2.000000  2.000000  orientation 90.00
drill  1.100000
shape_offset  0.000000  0.000000
$EndPAD
$PAD "2"
Shape Circle Layer both
position  0.000000  4.500000  size  2.000000  2.000000  orientation 90.00
drill  1.100000
shape_offset  0.000000  0.000000
$EndPAD
$PAD "2"
Shape Circle Layer both
position  6.500000  4.500000  size  2.000000  2.000000  orientation 90.00
drill  1.100000
shape_offset  0.000000  0.000000
$EndPAD
$EndMODULE  SW27

$MODULE SW28
footprint Button_Switch_THT:SW_PUSH_KEYB_6mm_H4.3mm
attribut none
position 206.011500 143.793500  orientation 0.00
layer front
$PAD "1"
Shape Circle Layer both
position  0.000000  0.000000  size  2.000000  2.000000  orientation 90.00
drill  1.100000
shape_offset  0.000000  0.000000
$EndPAD
$PAD "1"
Shape Circle Layer both
position  6.500000  0.000000  size  2.000000  2.000000  orientation 90.00
drill  1.100000
shape_offset  0.000000  0.000000
$EndPAD
$PAD "2"
Shape Circle Layer both
position  0.000000  4.500000  size  2.000000  2.000000  orientation 90.00
drill  1.100000
shape_offset  0.000000  0.000000
$EndPAD
$PAD "2"
Shape Circle Layer both
position  6.500000  4.500000  size  2.000000  2.000000  orientation 90.00
drill  1.100000
shape_offset  0.000000  0.000000
$EndPAD
$EndMODULE  SW28

$MODULE SW29
footprint Button_Switch_THT:SW_PUSH_KEYB_6mm_H4.3mm
attribut none
position 191.011500 111.293500  orientation 0.00
layer front
$PAD "1"
Shape Circle Layer both
position  0.000000  0.000000  size  2.000000  2.000000  orientation 90.00
drill  1.100000
shape_offset  0.000000  0.000000
$EndPAD
$PAD "1"
Shape Circle Layer both
position  6.500000  0.000000  size  2.000000  2.000000  orientation 90.00
drill  1.100000
shape_offset  0.000000  0.000000
$EndPAD
$PAD "2"
Shape Circle Layer both
position  0.000000  4.500000  size  2.000000  2.000000  orientation 90.00
drill  1.100000
shape_offset  0.000000  0.000000
$EndPAD
$PAD "2"
Shape Circle Layer both
position  6.500000  4.500000  size  2.000000  2.000000  orientation 90.00
drill  1.100000
shape_offset  0.000000  0.000000
$EndPAD
$EndMODULE  SW29

$MODULE SW30
footprint Button_Switch_THT:SW_PUSH_KEYB_6mm_H4.3mm
attribut none
position 201.011500 111.293500  orientation 0.00
layer front
$PAD "1"
Shape Circle Layer both
position  0.000000  0.000000  size  2.000000  2.000000  orientation 90.00
drill  1.100000
shape_offset  0.000000  0.000000
$EndPAD
$PAD "1"
Shape Circle Layer both
position  6.500000  0.000000  size  2.000000  2.000000  orientation 90.00
drill  1.100000
shape_offset  0.000000  0.000000
$EndPAD
$PAD "2"
Shape Circle Layer both
position  0.000000  4.500000  size  2.000000  2.000000  orientation 90.00
drill  1.100000
shape_offset  0.000000  0.000000
$EndPAD
$PAD "2"
Shape Circle Layer both
position  6.500000  4.500000  size  2.000000  2.000000  orientation 90.00
drill  1.100000
shape_offset  0.000000  0.000000
$EndPAD
$EndMODULE  SW30

$MODULE SW31
footprint Button_Switch_THT:SW_PUSH_KEYB_6mm_H4.3mm
attribut none
position 211.023000 122.087000  orientation 0.00
layer front
$PAD "1"
Shape Circle Layer both
position  0.000000  0.000000  size  2.000000  2.000000  orientation 90.00
drill  1.100000
shape_offset  0.000000  0.000000
$EndPAD
$PAD "1"
Shape Circle Layer both
position  6.500000  0.000000  size  2.000000  2.000000  orientation 90.00
drill  1.100000
shape_offset  0.000000  0.000000
$EndPAD
$PAD "2"
Shape Circle Layer both
position  0.000000  4.500000  size  2.000000  2.000000  orientation 90.00
drill  1.100000
shape_offset  0.000000  0.000000
$EndPAD
$PAD "2"
Shape Circle Layer both
position  6.500000  4.500000  size  2.000000  2.000000  orientation 90.00
drill  1.100000
shape_offset  0.000000  0.000000
$EndPAD
$EndMODULE  SW31

$MODULE SW32
footprint Button_Switch_THT:SW_PUSH_KEYB_6mm_H4.3mm
attribut none
position 191.023000 122.087000  orientation 0.00
layer front
$PAD "1"
Shape Circle Layer both
position  0.000000  0.000000  size  2.000000  2.000000  orientation 90.00
drill  1.100000
shape_offset  0.000000  0.000000
$EndPAD
$PAD "1"
Shape Circle Layer both
position  6.500000  0.000000  size  2.000000  2.000000  orientation 90.00
drill  1.100000
shape_offset  0.000000  0.000000
$EndPAD
$PAD "2"
Shape Circle Layer both
position  0.000000  4.500000  size  2.000000  2.000000  orientation 90.00
drill  1.100000
shape_offset  0.000000  0.000000
$EndPAD
$PAD "2"
Shape Circle Layer both
position  6.500000  4.500000  size  2.000000  2.000000  orientation 90.00
drill  1.100000
shape_offset  0.000000  0.000000
$EndPAD
$EndMODULE  SW32

$MODULE SW33
footprint Button_Switch_THT:SW_PUSH_KEYB_6mm_H4.3mm
attribut none
position 160.011500 100.793500  orientation 0.00
layer front
$PAD "1"
Shape Circle Layer both
position  0.000000  0.000000  size  2.000000  2.000000  orientation 90.00
drill  1.100000
shape_offset  0.000000  0.000000
$EndPAD
$PAD "1"
Shape Circle Layer both
position  6.500000  0.000000  size  2.000000  2.000000  orientation 90.00
drill  1.100000
shape_offset  0.000000  0.000000
$EndPAD
$PAD "2"
Shape Circle Layer both
position  0.000000  4.500000  size  2.000000  2.000000  orientation 90.00
drill  1.100000
shape_offset  0.000000  0.000000
$EndPAD
$PAD "2"
Shape Circle Layer both
position  6.500000  4.500000  size  2.000000  2.000000  orientation 90.00
drill  1.100000
shape_offset  0.000000  0.000000
$EndPAD
$EndMODULE  SW33

$MODULE SW34
footprint Button_Switch_THT:SW_PUSH_KEYB_6mm_H4.3mm
attribut none
position 170.011500 100.793500  orientation 0.00
layer front
$PAD "1"
Shape Circle Layer both
position  0.000000  0.000000  size  2.000000  2.000000  orientation 90.00
drill  1.100000
shape_offset  0.000000  0.000000
$EndPAD
$PAD "1"
Shape Circle Layer both
position  6.500000  0.000000  size  2.000000  2.000000  orientation 90.00
drill  1.100000
shape_offset  0.000000  0.000000
$EndPAD
$PAD "2"
Shape Circle Layer both
position  0.000000  4.500000  size  2.000000  2.000000  orientation 90.00
drill  1.100000
shape_offset  0.000000  0.000000
$EndPAD
$PAD "2"
Shape Circle Layer both
position  6.500000  4.500000  size  2.000000  2.000000  orientation 90.00
drill  1.100000
shape_offset  0.000000  0.000000
$EndPAD
$EndMODULE  SW34

$MODULE SW35
footprint Button_Switch_THT:SW_PUSH_KEYB_6mm_H4.3mm
attribut none
position 180.011500 100.793500  orientation 0.00
layer front
$PAD "1"
Shape Circle Layer both
position  0.000000  0.000000  size  2.000000  2.000000  orientation 90.00
drill  1.100000
shape_offset  0.000000  0.000000
$EndPAD
$PAD "1"
Shape Circle Layer both
position  6.500000  0.000000  size  2.000000  2.000000  orientation 90.00
drill  1.100000
shape_offset  0.000000  0.000000
$EndPAD
$PAD "2"
Shape Circle Layer both
position  0.000000  4.500000  size  2.000000  2.000000  orientation 90.00
drill  1.100000
shape_offset  0.000000  0.000000
$EndPAD
$PAD "2"
Shape Circle Layer both
position  6.500000  4.500000  size  2.000000  2.000000  orientation 90.00
drill  1.100000
shape_offset  0.000000  0.000000
$EndPAD
$EndMODULE  SW35

$MODULE SW36
footprint Button_Switch_THT:SW_PUSH_KEYB_6mm_H4.3mm
attribut none
position 191.011500 100.793500  orientation 0.00
layer front
$PAD "1"
Shape Circle Layer both
position  0.000000  0.000000  size  2.000000  2.000000  orientation 90.00
drill  1.100000
shape_offset  0.000000  0.000000
$EndPAD
$PAD "1"
Shape Circle Layer both
position  6.500000  0.000000  size  2.000000  2.000000  orientation 90.00
drill  1.100000
shape_offset  0.000000  0.000000
$EndPAD
$PAD "2"
Shape Circle Layer both
position  0.000000  4.500000  size  2.000000  2.000000  orientation 90.00
drill  1.100000
shape_offset  0.000000  0.000000
$EndPAD
$PAD "2"
Shape Circle Layer both
position  6.500000  4.500000  size  2.000000  2.000000  orientation 90.00
drill  1.100000
shape_offset  0.000000  0.000000
$EndPAD
$EndMODULE  SW36

$MODULE SW37
footprint Button_Switch_THT:SW_PUSH_KEYB_6mm_H4.3mm
attribut none
position 48.511500 111.543500  orientation 0.00
layer front
$PAD "1"
Shape Circle Layer both
position  0.000000  0.000000  size  2.000000  2.000000  orientation 90.00
drill  1.100000
shape_offset  0.000000  0.000000
$EndPAD
$PAD "1"
Shape Circle Layer both
position  6.500000  0.000000  size  2.000000  2.000000  orientation 90.00
drill  1.100000
shape_offset  0.000000  0.000000
$EndPAD
$PAD "2"
Shape Circle Layer both
position  0.000000  4.500000  size  2.000000  2.000000  orientation 90.00
drill  1.100000
shape_offset  0.000000  0.000000
$EndPAD
$PAD "2"
Shape Circle Layer both
position  6.500000  4.500000  size  2.000000  2.000000  orientation 90.00
drill  1.100000
shape_offset  0.000000  0.000000
$EndPAD
$EndMODULE  SW37

$MODULE SW38
footprint Button_Switch_THT:SW_PUSH_KEYB_6mm_H4.3mm
attribut none
position 64.261500 111.293500  orientation 0.00
layer front
$PAD "1"
Shape Circle Layer both
position  0.000000  0.000000  size  2.000000  2.000000  orientation 90.00
drill  1.100000
shape_offset  0.000000  0.000000
$EndPAD
$PAD "1"
Shape Circle Layer both
position  6.500000  0.000000  size  2.000000  2.000000  orientation 90.00
drill  1.100000
shape_offset  0.000000  0.000000
$EndPAD
$PAD "2"
Shape Circle Layer both
position  0.000000  4.500000  size  2.000000  2.000000  orientation 90.00
drill  1.100000
shape_offset  0.000000  0.000000
$EndPAD
$PAD "2"
Shape Circle Layer both
position  6.500000  4.500000  size  2.000000  2.000000  orientation 90.00
drill  1.100000
shape_offset  0.000000  0.000000
$EndPAD
$EndMODULE  SW38

$MODULE SW39
footprint Button_Switch_THT:SW_PUSH_KEYB_6mm_H4.3mm
attribut none
position 74.261500 111.293500  orientation 0.00
layer front
$PAD "1"
Shape Circle Layer both
position  0.000000  0.000000  size  2.000000  2.000000  orientation 90.00
drill  1.100000
shape_offset  0.000000  0.000000
$EndPAD
$PAD "1"
Shape Circle Layer both
position  6.500000  0.000000  size  2.000000  2.000000  orientation 90.00
drill  1.100000
shape_offset  0.000000  0.000000
$EndPAD
$PAD "2"
Shape Circle Layer both
position  0.000000  4.500000  size  2.000000  2.000000  orientation 90.00
drill  1.100000
shape_offset  0.000000  0.000000
$EndPAD
$PAD "2"
Shape Circle Layer both
position  6.500000  4.500000  size  2.000000  2.000000  orientation 90.00
drill  1.100000
shape_offset  0.000000  0.000000
$EndPAD
$EndMODULE  SW39

$MODULE SW40
footprint Button_Switch_THT:SW_PUSH_KEYB_6mm_H4.3mm
attribut none
position 84.261500 111.293500  orientation 0.00
layer front
$PAD "1"
Shape Circle Layer both
position  0.000000  0.000000  size  2.000000  2.000000  orientation 90.00
drill  1.100000
shape_offset  0.000000  0.000000
$EndPAD
$PAD "1"
Shape Circle Layer both
position  6.500000  0.000000  size  2.000000  2.000000  orientation 90.00
drill  1.100000
shape_offset  0.000000  0.000000
$EndPAD
$PAD "2"
Shape Circle Layer both
position  0.000000  4.500000  size  2.000000  2.000000  orientation 90.00
drill  1.100000
shape_offset  0.000000  0.000000
$EndPAD
$PAD "2"
Shape Circle Layer both
position  6.500000  4.500000  size  2.000000  2.000000  orientation 90.00
drill  1.100000
shape_offset  0.000000  0.000000
$EndPAD
$EndMODULE  SW40

$MODULE SW41
footprint Button_Switch_THT:SW_PUSH_KEYB_6mm_H4.3mm
attribut none
position 201.011500 122.087000  orientation 0.00
layer front
$PAD "1"
Shape Circle Layer both
position  0.000000  0.000000  size  2.000000  2.000000  orientation 90.00
drill  1.100000
shape_offset  0.000000  0.000000
$EndPAD
$PAD "1"
Shape Circle Layer both
position  6.500000  0.000000  size  2.000000  2.000000  orientation 90.00
drill  1.100000
shape_offset  0.000000  0.000000
$EndPAD
$PAD "2"
Shape Circle Layer both
position  0.000000  4.500000  size  2.000000  2.000000  orientation 90.00
drill  1.100000
shape_offset  0.000000  0.000000
$EndPAD
$PAD "2"
Shape Circle Layer both
position  6.500000  4.500000  size  2.000000  2.000000  orientation 90.00
drill  1.100000
shape_offset  0.000000  0.000000
$EndPAD
$EndMODULE  SW41

$MODULE SW42
footprint Button_Switch_THT:SW_PUSH_KEYB_6mm_H4.3mm
attribut none
position 211.011500 111.293500  orientation 0.00
layer front
$PAD "1"
Shape Circle Layer both
position  0.000000  0.000000  size  2.000000  2.000000  orientation 90.00
drill  1.100000
shape_offset  0.000000  0.000000
$EndPAD
$PAD "1"
Shape Circle Layer both
position  6.500000  0.000000  size  2.000000  2.000000  orientation 90.00
drill  1.100000
shape_offset  0.000000  0.000000
$EndPAD
$PAD "2"
Shape Circle Layer both
position  0.000000  4.500000  size  2.000000  2.000000  orientation 90.00
drill  1.100000
shape_offset  0.000000  0.000000
$EndPAD
$PAD "2"
Shape Circle Layer both
position  6.500000  4.500000  size  2.000000  2.000000  orientation 90.00
drill  1.100000
shape_offset  0.000000  0.000000
$EndPAD
$EndMODULE  SW42

$MODULE SW43
footprint Button_Switch_THT:SW_PUSH_KEYB_6mm_H4.3mm
attribut none
position 194.750000 90.000000  orientation 0.00
layer front
$PAD "1"
Shape Circle Layer both
position  0.000000  0.000000  size  2.000000  2.000000  orientation 90.00
drill  1.100000
shape_offset  0.000000  0.000000
$EndPAD
$PAD "1"
Shape Circle Layer both
position  6.500000  0.000000  size  2.000000  2.000000  orientation 90.00
drill  1.100000
shape_offset  0.000000  0.000000
$EndPAD
$PAD "2"
Shape Circle Layer both
position  0.000000  4.500000  size  2.000000  2.000000  orientation 90.00
drill  1.100000
shape_offset  0.000000  0.000000
$EndPAD
$PAD "2"
Shape Circle Layer both
position  6.500000  4.500000  size  2.000000  2.000000  orientation 90.00
drill  1.100000
shape_offset  0.000000  0.000000
$EndPAD
$EndMODULE  SW43

$MODULE SW44
footprint Button_Switch_THT:SW_PUSH_KEYB_6mm_H4.3mm
attribut none
position 94.261500 111.293500  orientation 0.00
layer front
$PAD "1"
Shape Circle Layer both
position  0.000000  0.000000  size  2.000000  2.000000  orientation 90.00
drill  1.100000
shape_offset  0.000000  0.000000
$EndPAD
$PAD "1"
Shape Circle Layer both
position  6.500000  0.000000  size  2.000000  2.000000  orientation 90.00
drill  1.100000
shape_offset  0.000000  0.000000
$EndPAD
$PAD "2"
Shape Circle Layer both
position  0.000000  4.500000  size  2.000000  2.000000  orientation 90.00
drill  1.100000
shape_offset  0.000000  0.000000
$EndPAD
$PAD "2"
Shape Circle Layer both
position  6.500000  4.500000  size  2.000000  2.000000  orientation 90.00
drill  1.100000
shape_offset  0.000000  0.000000
$EndPAD
$EndMODULE  SW44

$MODULE SW45
footprint Button_Switch_THT:SW_PUSH_KEYB_6mm_H4.3mm
attribut none
position 104.261500 111.293500  orientation 0.00
layer front
$PAD "1"
Shape Circle Layer both
position  0.000000  0.000000  size  2.000000  2.000000  orientation 90.00
drill  1.100000
shape_offset  0.000000  0.000000
$EndPAD
$PAD "1"
Shape Circle Layer both
position  6.500000  0.000000  size  2.000000  2.000000  orientation 90.00
drill  1.100000
shape_offset  0.000000  0.000000
$EndPAD
$PAD "2"
Shape Circle Layer both
position  0.000000  4.500000  size  2.000000  2.000000  orientation 90.00
drill  1.100000
shape_offset  0.000000  0.000000
$EndPAD
$PAD "2"
Shape Circle Layer both
position  6.500000  4.500000  size  2.000000  2.000000  orientation 90.00
drill  1.100000
shape_offset  0.000000  0.000000
$EndPAD
$EndMODULE  SW45

$MODULE SW46
footprint Button_Switch_THT:SW_PUSH_KEYB_6mm_H4.3mm
attribut none
position 114.261500 111.293500  orientation 0.00
layer front
$PAD "1"
Shape Circle Layer both
position  0.000000  0.000000  size  2.000000  2.000000  orientation 90.00
drill  1.100000
shape_offset  0.000000  0.000000
$EndPAD
$PAD "1"
Shape Circle Layer both
position  6.500000  0.000000  size  2.000000  2.000000  orientation 90.00
drill  1.100000
shape_offset  0.000000  0.000000
$EndPAD
$PAD "2"
Shape Circle Layer both
position  0.000000  4.500000  size  2.000000  2.000000  orientation 90.00
drill  1.100000
shape_offset  0.000000  0.000000
$EndPAD
$PAD "2"
Shape Circle Layer both
position  6.500000  4.500000  size  2.000000  2.000000  orientation 90.00
drill  1.100000
shape_offset  0.000000  0.000000
$EndPAD
$EndMODULE  SW46

$MODULE SW47
footprint Button_Switch_THT:SW_PUSH_KEYB_6mm_H4.3mm
attribut none
position 124.261500 111.293500  orientation 0.00
layer front
$PAD "1"
Shape Circle Layer both
position  0.000000  0.000000  size  2.000000  2.000000  orientation 90.00
drill  1.100000
shape_offset  0.000000  0.000000
$EndPAD
$PAD "1"
Shape Circle Layer both
position  6.500000  0.000000  size  2.000000  2.000000  orientation 90.00
drill  1.100000
shape_offset  0.000000  0.000000
$EndPAD
$PAD "2"
Shape Circle Layer both
position  0.000000  4.500000  size  2.000000  2.000000  orientation 90.00
drill  1.100000
shape_offset  0.000000  0.000000
$EndPAD
$PAD "2"
Shape Circle Layer both
position  6.500000  4.500000  size  2.000000  2.000000  orientation 90.00
drill  1.100000
shape_offset  0.000000  0.000000
$EndPAD
$EndMODULE  SW47

$MODULE SW48
footprint Button_Switch_THT:SW_PUSH_KEYB_6mm_H4.3mm
attribut none
position 134.261500 111.293500  orientation 0.00
layer front
$PAD "1"
Shape Circle Layer both
position  0.000000  0.000000  size  2.000000  2.000000  orientation 90.00
drill  1.100000
shape_offset  0.000000  0.000000
$EndPAD
$PAD "1"
Shape Circle Layer both
position  6.500000  0.000000  size  2.000000  2.000000  orientation 90.00
drill  1.100000
shape_offset  0.000000  0.000000
$EndPAD
$PAD "2"
Shape Circle Layer both
position  0.000000  4.500000  size  2.000000  2.000000  orientation 90.00
drill  1.100000
shape_offset  0.000000  0.000000
$EndPAD
$PAD "2"
Shape Circle Layer both
position  6.500000  4.500000  size  2.000000  2.000000  orientation 90.00
drill  1.100000
shape_offset  0.000000  0.000000
$EndPAD
$EndMODULE  SW48

$MODULE SW49
footprint Button_Switch_THT:SW_PUSH_KEYB_6mm_H4.3mm
attribut none
position 144.261500 111.293500  orientation 0.00
layer front
$PAD "1"
Shape Circle Layer both
position  0.000000  0.000000  size  2.000000  2.000000  orientation 90.00
drill  1.100000
shape_offset  0.000000  0.000000
$EndPAD
$PAD "1"
Shape Circle Layer both
position  6.500000  0.000000  size  2.000000  2.000000  orientation 90.00
drill  1.100000
shape_offset  0.000000  0.000000
$EndPAD
$PAD "2"
Shape Circle Layer both
position  0.000000  4.500000  size  2.000000  2.000000  orientation 90.00
drill  1.100000
shape_offset  0.000000  0.000000
$EndPAD
$PAD "2"
Shape Circle Layer both
position  6.500000  4.500000  size  2.000000  2.000000  orientation 90.00
drill  1.100000
shape_offset  0.000000  0.000000
$EndPAD
$EndMODULE  SW49

$MODULE SW50
footprint Button_Switch_THT:SW_PUSH_KEYB_6mm_H4.3mm
attribut none
position 154.261500 111.293500  orientation 0.00
layer front
$PAD "1"
Shape Circle Layer both
position  0.000000  0.000000  size  2.000000  2.000000  orientation 90.00
drill  1.100000
shape_offset  0.000000  0.000000
$EndPAD
$PAD "1"
Shape Circle Layer both
position  6.500000  0.000000  size  2.000000  2.000000  orientation 90.00
drill  1.100000
shape_offset  0.000000  0.000000
$EndPAD
$PAD "2"
Shape Circle Layer both
position  0.000000  4.500000  size  2.000000  2.000000  orientation 90.00
drill  1.100000
shape_offset  0.000000  0.000000
$EndPAD
$PAD "2"
Shape Circle Layer both
position  6.500000  4.500000  size  2.000000  2.000000  orientation 90.00
drill  1.100000
shape_offset  0.000000  0.000000
$EndPAD
$EndMODULE  SW50

$MODULE SW51
footprint Button_Switch_THT:SW_PUSH_KEYB_6mm_H4.3mm
attribut none
position 164.261500 111.293500  orientation 0.00
layer front
$PAD "1"
Shape Circle Layer both
position  0.000000  0.000000  size  2.000000  2.000000  orientation 90.00
drill  1.100000
shape_offset  0.000000  0.000000
$EndPAD
$PAD "1"
Shape Circle Layer both
position  6.500000  0.000000  size  2.000000  2.000000  orientation 90.00
drill  1.100000
shape_offset  0.000000  0.000000
$EndPAD
$PAD "2"
Shape Circle Layer both
position  0.000000  4.500000  size  2.000000  2.000000  orientation 90.00
drill  1.100000
shape_offset  0.000000  0.000000
$EndPAD
$PAD "2"
Shape Circle Layer both
position  6.500000  4.500000  size  2.000000  2.000000  orientation 90.00
drill  1.100000
shape_offset  0.000000  0.000000
$EndPAD
$EndMODULE  SW51

$MODULE SW52
footprint Button_Switch_THT:SW_PUSH_KEYB_6mm_H4.3mm
attribut none
position 174.261500 111.293500  orientation 0.00
layer front
$PAD "1"
Shape Circle Layer both
position  0.000000  0.000000  size  2.000000  2.000000  orientation 90.00
drill  1.100000
shape_offset  0.000000  0.000000
$EndPAD
$PAD "1"
Shape Circle Layer both
position  6.500000  0.000000  size  2.000000  2.000000  orientation 90.00
drill  1.100000
shape_offset  0.000000  0.000000
$EndPAD
$PAD "2"
Shape Circle Layer both
position  0.000000  4.500000  size  2.000000  2.000000  orientation 90.00
drill  1.100000
shape_offset  0.000000  0.000000
$EndPAD
$PAD "2"
Shape Circle Layer both
position  6.500000  4.500000  size  2.000000  2.000000  orientation 90.00
drill  1.100000
shape_offset  0.000000  0.000000
$EndPAD
$EndMODULE  SW52

$MODULE SW53
footprint Button_Switch_THT:SW_PUSH_KEYB_6mm_H4.3mm
attribut none
position 177.511500 125.043500  orientation 0.00
layer front
$PAD "1"
Shape Circle Layer both
position  0.000000  0.000000  size  2.000000  2.000000  orientation 90.00
drill  1.100000
shape_offset  0.000000  0.000000
$EndPAD
$PAD "1"
Shape Circle Layer both
position  6.500000  0.000000  size  2.000000  2.000000  orientation 90.00
drill  1.100000
shape_offset  0.000000  0.000000
$EndPAD
$PAD "2"
Shape Circle Layer both
position  0.000000  4.500000  size  2.000000  2.000000  orientation 90.00
drill  1.100000
shape_offset  0.000000  0.000000
$EndPAD
$PAD "2"
Shape Circle Layer both
position  6.500000  4.500000  size  2.000000  2.000000  orientation 90.00
drill  1.100000
shape_offset  0.000000  0.000000
$EndPAD
$EndMODULE  SW53

$MODULE SW54
footprint Button_Switch_THT:SW_PUSH_KEYB_6mm_H4.3mm
attribut none
position 48.500000 122.293500  orientation 0.00
layer front
$PAD "1"
Shape Circle Layer both
position  0.000000  0.000000  size  2.000000  2.000000  orientation 90.00
drill  1.100000
shape_offset  0.000000  0.000000
$EndPAD
$PAD "1"
Shape Circle Layer both
position  6.500000  0.000000  size  2.000000  2.000000  orientation 90.00
drill  1.100000
shape_offset  0.000000  0.000000
$EndPAD
$PAD "2"
Shape Circle Layer both
position  0.000000  4.500000  size  2.000000  2.000000  orientation 90.00
drill  1.100000
shape_offset  0.000000  0.000000
$EndPAD
$PAD "2"
Shape Circle Layer both
position  6.500000  4.500000  size  2.000000  2.000000  orientation 90.00
drill  1.100000
shape_offset  0.000000  0.000000
$EndPAD
$EndMODULE  SW54

$MODULE SW55
footprint Button_Switch_THT:SW_PUSH_KEYB_6mm_H4.3mm
attribut none
position 60.011500 122.293500  orientation 0.00
layer front
$PAD "1"
Shape Circle Layer both
position  0.000000  0.000000  size  2.000000  2.000000  orientation 90.00
drill  1.100000
shape_offset  0.000000  0.000000
$EndPAD
$PAD "1"
Shape Circle Layer both
position  6.500000  0.000000  size  2.000000  2.000000  orientation 90.00
drill  1.100000
shape_offset  0.000000  0.000000
$EndPAD
$PAD "2"
Shape Circle Layer both
position  0.000000  4.500000  size  2.000000  2.000000  orientation 90.00
drill  1.100000
shape_offset  0.000000  0.000000
$EndPAD
$PAD "2"
Shape Circle Layer both
position  6.500000  4.500000  size  2.000000  2.000000  orientation 90.00
drill  1.100000
shape_offset  0.000000  0.000000
$EndPAD
$EndMODULE  SW55

$MODULE SW56
footprint Button_Switch_THT:SW_PUSH_KEYB_6mm_H4.3mm
attribut none
position 70.011500 122.293500  orientation 0.00
layer front
$PAD "1"
Shape Circle Layer both
position  0.000000  0.000000  size  2.000000  2.000000  orientation 90.00
drill  1.100000
shape_offset  0.000000  0.000000
$EndPAD
$PAD "1"
Shape Circle Layer both
position  6.500000  0.000000  size  2.000000  2.000000  orientation 90.00
drill  1.100000
shape_offset  0.000000  0.000000
$EndPAD
$PAD "2"
Shape Circle Layer both
position  0.000000  4.500000  size  2.000000  2.000000  orientation 90.00
drill  1.100000
shape_offset  0.000000  0.000000
$EndPAD
$PAD "2"
Shape Circle Layer both
position  6.500000  4.500000  size  2.000000  2.000000  orientation 90.00
drill  1.100000
shape_offset  0.000000  0.000000
$EndPAD
$EndMODULE  SW56

$MODULE SW57
footprint Button_Switch_THT:SW_PUSH_KEYB_6mm_H4.3mm
attribut none
position 80.011500 122.293500  orientation 0.00
layer front
$PAD "1"
Shape Circle Layer both
position  0.000000  0.000000  size  2.000000  2.000000  orientation 90.00
drill  1.100000
shape_offset  0.000000  0.000000
$EndPAD
$PAD "1"
Shape Circle Layer both
position  6.500000  0.000000  size  2.000000  2.000000  orientation 90.00
drill  1.100000
shape_offset  0.000000  0.000000
$EndPAD
$PAD "2"
Shape Circle Layer both
position  0.000000  4.500000  size  2.000000  2.000000  orientation 90.00
drill  1.100000
shape_offset  0.000000  0.000000
$EndPAD
$PAD "2"
Shape Circle Layer both
position  6.500000  4.500000  size  2.000000  2.000000  orientation 90.00
drill  1.100000
shape_offset  0.000000  0.000000
$EndPAD
$EndMODULE  SW57

$MODULE SW58
footprint Button_Switch_THT:SW_PUSH_KEYB_6mm_H4.3mm
attribut none
position 90.011500 122.293500  orientation 0.00
layer front
$PAD "1"
Shape Circle Layer both
position  0.000000  0.000000  size  2.000000  2.000000  orientation 90.00
drill  1.100000
shape_offset  0.000000  0.000000
$EndPAD
$PAD "1"
Shape Circle Layer both
position  6.500000  0.000000  size  2.000000  2.000000  orientation 90.00
drill  1.100000
shape_offset  0.000000  0.000000
$EndPAD
$PAD "2"
Shape Circle Layer both
position  0.000000  4.500000  size  2.000000  2.000000  orientation 90.00
drill  1.100000
shape_offset  0.000000  0.000000
$EndPAD
$PAD "2"
Shape Circle Layer both
position  6.500000  4.500000  size  2.000000  2.000000  orientation 90.00
drill  1.100000
shape_offset  0.000000  0.000000
$EndPAD
$EndMODULE  SW58

$MODULE SW59
footprint Button_Switch_THT:SW_PUSH_KEYB_6mm_H4.3mm
attribut none
position 100.011500 122.293500  orientation 0.00
layer front
$PAD "1"
Shape Circle Layer both
position  0.000000  0.000000  size  2.000000  2.000000  orientation 90.00
drill  1.100000
shape_offset  0.000000  0.000000
$EndPAD
$PAD "1"
Shape Circle Layer both
position  6.500000  0.000000  size  2.000000  2.000000  orientation 90.00
drill  1.100000
shape_offset  0.000000  0.000000
$EndPAD
$PAD "2"
Shape Circle Layer both
position  0.000000  4.500000  size  2.000000  2.000000  orientation 90.00
drill  1.100000
shape_offset  0.000000  0.000000
$EndPAD
$PAD "2"
Shape Circle Layer both
position  6.500000  4.500000  size  2.000000  2.000000  orientation 90.00
drill  1.100000
shape_offset  0.000000  0.000000
$EndPAD
$EndMODULE  SW59

$MODULE SW60
footprint Button_Switch_THT:SW_PUSH_KEYB_6mm_H4.3mm
attribut none
position 110.011500 122.293500  orientation 0.00
layer front
$PAD "1"
Shape Circle Layer both
position  0.000000  0.000000  size  2.000000  2.000000  orientation 90.00
drill  1.100000
shape_offset  0.000000  0.000000
$EndPAD
$PAD "1"
Shape Circle Layer both
position  6.500000  0.000000  size  2.000000  2.000000  orientation 90.00
drill  1.100000
shape_offset  0.000000  0.000000
$EndPAD
$PAD "2"
Shape Circle Layer both
position  0.000000  4.500000  size  2.000000  2.000000  orientation 90.00
drill  1.100000
shape_offset  0.000000  0.000000
$EndPAD
$PAD "2"
Shape Circle Layer both
position  6.500000  4.500000  size  2.000000  2.000000  orientation 90.00
drill  1.100000
shape_offset  0.000000  0.000000
$EndPAD
$EndMODULE  SW60

$MODULE SW61
footprint Button_Switch_THT:SW_PUSH_KEYB_6mm_H4.3mm
attribut none
position 120.011500 122.293500  orientation 0.00
layer front
$PAD "1"
Shape Circle Layer both
position  0.000000  0.000000  size  2.000000  2.000000  orientation 90.00
drill  1.100000
shape_offset  0.000000  0.000000
$EndPAD
$PAD "1"
Shape Circle Layer both
position  6.500000  0.000000  size  2.000000  2.000000  orientation 90.00
drill  1.100000
shape_offset  0.000000  0.000000
$EndPAD
$PAD "2"
Shape Circle Layer both
position  0.000000  4.500000  size  2.000000  2.000000  orientation 90.00
drill  1.100000
shape_offset  0.000000  0.000000
$EndPAD
$PAD "2"
Shape Circle Layer both
position  6.500000  4.500000  size  2.000000  2.000000  orientation 90.00
drill  1.100000
shape_offset  0.000000  0.000000
$EndPAD
$EndMODULE  SW61

$MODULE SW62
footprint Button_Switch_THT:SW_PUSH_KEYB_6mm_H4.3mm
attribut none
position 130.011500 122.293500  orientation 0.00
layer front
$PAD "1"
Shape Circle Layer both
position  0.000000  0.000000  size  2.000000  2.000000  orientation 90.00
drill  1.100000
shape_offset  0.000000  0.000000
$EndPAD
$PAD "1"
Shape Circle Layer both
position  6.500000  0.000000  size  2.000000  2.000000  orientation 90.00
drill  1.100000
shape_offset  0.000000  0.000000
$EndPAD
$PAD "2"
Shape Circle Layer both
position  0.000000  4.500000  size  2.000000  2.000000  orientation 90.00
drill  1.100000
shape_offset  0.000000  0.000000
$EndPAD
$PAD "2"
Shape Circle Layer both
position  6.500000  4.500000  size  2.000000  2.000000  orientation 90.00
drill  1.100000
shape_offset  0.000000  0.000000
$EndPAD
$EndMODULE  SW62

$MODULE SW63
footprint Button_Switch_THT:SW_PUSH_KEYB_6mm_H4.3mm
attribut none
position 140.011500 122.293500  orientation 0.00
layer front
$PAD "1"
Shape Circle Layer both
position  0.000000  0.000000  size  2.000000  2.000000  orientation 90.00
drill  1.100000
shape_offset  0.000000  0.000000
$EndPAD
$PAD "1"
Shape Circle Layer both
position  6.500000  0.000000  size  2.000000  2.000000  orientation 90.00
drill  1.100000
shape_offset  0.000000  0.000000
$EndPAD
$PAD "2"
Shape Circle Layer both
position  0.000000  4.500000  size  2.000000  2.000000  orientation 90.00
drill  1.100000
shape_offset  0.000000  0.000000
$EndPAD
$PAD "2"
Shape Circle Layer both
position  6.500000  4.500000  size  2.000000  2.000000  orientation 90.00
drill  1.100000
shape_offset  0.000000  0.000000
$EndPAD
$EndMODULE  SW63

$MODULE SW64
footprint Button_Switch_THT:SW_PUSH_KEYB_6mm_H4.3mm
attribut none
position 150.011500 122.293500  orientation 0.00
layer front
$PAD "1"
Shape Circle Layer both
position  0.000000  0.000000  size  2.000000  2.000000  orientation 90.00
drill  1.100000
shape_offset  0.000000  0.000000
$EndPAD
$PAD "1"
Shape Circle Layer both
position  6.500000  0.000000  size  2.000000  2.000000  orientation 90.00
drill  1.100000
shape_offset  0.000000  0.000000
$EndPAD
$PAD "2"
Shape Circle Layer both
position  0.000000  4.500000  size  2.000000  2.000000  orientation 90.00
drill  1.100000
shape_offset  0.000000  0.000000
$EndPAD
$PAD "2"
Shape Circle Layer both
position  6.500000  4.500000  size  2.000000  2.000000  orientation 90.00
drill  1.100000
shape_offset  0.000000  0.000000
$EndPAD
$EndMODULE  SW64

$MODULE SW65
footprint Button_Switch_THT:SW_PUSH_KEYB_6mm_H4.3mm
attribut none
position 160.011500 122.293500  orientation 0.00
layer front
$PAD "1"
Shape Circle Layer both
position  0.000000  0.000000  size  2.000000  2.000000  orientation 90.00
drill  1.100000
shape_offset  0.000000  0.000000
$EndPAD
$PAD "1"
Shape Circle Layer both
position  6.500000  0.000000  size  2.000000  2.000000  orientation 90.00
drill  1.100000
shape_offset  0.000000  0.000000
$EndPAD
$PAD "2"
Shape Circle Layer both
position  0.000000  4.500000  size  2.000000  2.000000  orientation 90.00
drill  1.100000
shape_offset  0.000000  0.000000
$EndPAD
$PAD "2"
Shape Circle Layer both
position  6.500000  4.500000  size  2.000000  2.000000  orientation 90.00
drill  1.100000
shape_offset  0.000000  0.000000
$EndPAD
$EndMODULE  SW65

$MODULE SW66
footprint Button_Switch_THT:SW_PUSH_KEYB_6mm_H4.3mm
attribut none
position 48.500000 133.043500  orientation 0.00
layer front
$PAD "1"
Shape Circle Layer both
position  0.000000  0.000000  size  2.000000  2.000000  orientation 90.00
drill  1.100000
shape_offset  0.000000  0.000000
$EndPAD
$PAD "1"
Shape Circle Layer both
position  6.500000  0.000000  size  2.000000  2.000000  orientation 90.00
drill  1.100000
shape_offset  0.000000  0.000000
$EndPAD
$PAD "2"
Shape Circle Layer both
position  0.000000  4.500000  size  2.000000  2.000000  orientation 90.00
drill  1.100000
shape_offset  0.000000  0.000000
$EndPAD
$PAD "2"
Shape Circle Layer both
position  6.500000  4.500000  size  2.000000  2.000000  orientation 90.00
drill  1.100000
shape_offset  0.000000  0.000000
$EndPAD
$EndMODULE  SW66

$MODULE SW67
footprint Button_Switch_THT:SW_PUSH_KEYB_6mm_H4.3mm
attribut none
position 64.261500 133.043500  orientation 0.00
layer front
$PAD "1"
Shape Circle Layer both
position  0.000000  0.000000  size  2.000000  2.000000  orientation 90.00
drill  1.100000
shape_offset  0.000000  0.000000
$EndPAD
$PAD "1"
Shape Circle Layer both
position  6.500000  0.000000  size  2.000000  2.000000  orientation 90.00
drill  1.100000
shape_offset  0.000000  0.000000
$EndPAD
$PAD "2"
Shape Circle Layer both
position  0.000000  4.500000  size  2.000000  2.000000  orientation 90.00
drill  1.100000
shape_offset  0.000000  0.000000
$EndPAD
$PAD "2"
Shape Circle Layer both
position  6.500000  4.500000  size  2.000000  2.000000  orientation 90.00
drill  1.100000
shape_offset  0.000000  0.000000
$EndPAD
$EndMODULE  SW67

$MODULE SW68
footprint Button_Switch_THT:SW_PUSH_KEYB_6mm_H4.3mm
attribut none
position 74.261500 133.043500  orientation 0.00
layer front
$PAD "1"
Shape Circle Layer both
position  0.000000  0.000000  size  2.000000  2.000000  orientation 90.00
drill  1.100000
shape_offset  0.000000  0.000000
$EndPAD
$PAD "1"
Shape Circle Layer both
position  6.500000  0.000000  size  2.000000  2.000000  orientation 90.00
drill  1.100000
shape_offset  0.000000  0.000000
$EndPAD
$PAD "2"
Shape Circle Layer both
position  0.000000  4.500000  size  2.000000  2.000000  orientation 90.00
drill  1.100000
shape_offset  0.000000  0.000000
$EndPAD
$PAD "2"
Shape Circle Layer both
position  6.500000  4.500000  size  2.000000  2.000000  orientation 90.00
drill  1.100000
shape_offset  0.000000  0.000000
$EndPAD
$EndMODULE  SW68

$MODULE SW69
footprint Button_Switch_THT:SW_PUSH_KEYB_6mm_H4.3mm
attribut none
position 84.261500 133.043500  orientation 0.00
layer front
$PAD "1"
Shape Circle Layer both
position  0.000000  0.000000  size  2.000000  2.000000  orientation 90.00
drill  1.100000
shape_offset  0.000000  0.000000
$EndPAD
$PAD "1"
Shape Circle Layer both
position  6.500000  0.000000  size  2.000000  2.000000  orientation 90.00
drill  1.100000
shape_offset  0.000000  0.000000
$EndPAD
$PAD "2"
Shape Circle Layer both
position  0.000000  4.500000  size  2.000000  2.000000  orientation 90.00
drill  1.100000
shape_offset  0.000000  0.000000
$EndPAD
$PAD "2"
Shape Circle Layer both
position  6.500000  4.500000  size  2.000000  2.000000  orientation 90.00
drill  1.100000
shape_offset  0.000000  0.000000
$EndPAD
$EndMODULE  SW69

$MODULE SW70
footprint Button_Switch_THT:SW_PUSH_KEYB_6mm_H4.3mm
attribut none
position 94.261500 133.043500  orientation 0.00
layer front
$PAD "1"
Shape Circle Layer both
position  0.000000  0.000000  size  2.000000  2.000000  orientation 90.00
drill  1.100000
shape_offset  0.000000  0.000000
$EndPAD
$PAD "1"
Shape Circle Layer both
position  6.500000  0.000000  size  2.000000  2.000000  orientation 90.00
drill  1.100000
shape_offset  0.000000  0.000000
$EndPAD
$PAD "2"
Shape Circle Layer both
position  0.000000  4.500000  size  2.000000  2.000000  orientation 90.00
drill  1.100000
shape_offset  0.000000  0.000000
$EndPAD
$PAD "2"
Shape Circle Layer both
position  6.500000  4.500000  size  2.000000  2.000000  orientation 90.00
drill  1.100000
shape_offset  0.000000  0.000000
$EndPAD
$EndMODULE  SW70

$MODULE SW71
footprint Button_Switch_THT:SW_PUSH_KEYB_6mm_H4.3mm
attribut none
position 104.261500 133.043500  orientation 0.00
layer front
$PAD "1"
Shape Circle Layer both
position  0.000000  0.000000  size  2.000000  2.000000  orientation 90.00
drill  1.100000
shape_offset  0.000000  0.000000
$EndPAD
$PAD "1"
Shape Circle Layer both
position  6.500000  0.000000  size  2.000000  2.000000  orientation 90.00
drill  1.100000
shape_offset  0.000000  0.000000
$EndPAD
$PAD "2"
Shape Circle Layer both
position  0.000000  4.500000  size  2.000000  2.000000  orientation 90.00
drill  1.100000
shape_offset  0.000000  0.000000
$EndPAD
$PAD "2"
Shape Circle Layer both
position  6.500000  4.500000  size  2.000000  2.000000  orientation 90.00
drill  1.100000
shape_offset  0.000000  0.000000
$EndPAD
$EndMODULE  SW71

$MODULE SW72
footprint Button_Switch_THT:SW_PUSH_KEYB_6mm_H4.3mm
attribut none
position 114.261500 133.043500  orientation 0.00
layer front
$PAD "1"
Shape Circle Layer both
position  0.000000  0.000000  size  2.000000  2.000000  orientation 90.00
drill  1.100000
shape_offset  0.000000  0.000000
$EndPAD
$PAD "1"
Shape Circle Layer both
position  6.500000  0.000000  size  2.000000  2.000000  orientation 90.00
drill  1.100000
shape_offset  0.000000  0.000000
$EndPAD
$PAD "2"
Shape Circle Layer both
position  0.000000  4.500000  size  2.000000  2.000000  orientation 90.00
drill  1.100000
shape_offset  0.000000  0.000000
$EndPAD
$PAD "2"
Shape Circle Layer both
position  6.500000  4.500000  size  2.000000  2.000000  orientation 90.00
drill  1.100000
shape_offset  0.000000  0.000000
$EndPAD
$EndMODULE  SW72

$MODULE SW73
footprint Button_Switch_THT:SW_PUSH_KEYB_6mm_H4.3mm
attribut none
position 124.261500 133.043500  orientation 0.00
layer front
$PAD "1"
Shape Circle Layer both
position  0.000000  0.000000  size  2.000000  2.000000  orientation 90.00
drill  1.100000
shape_offset  0.000000  0.000000
$EndPAD
$PAD "1"
Shape Circle Layer both
position  6.500000  0.000000  size  2.000000  2.000000  orientation 90.00
drill  1.100000
shape_offset  0.000000  0.000000
$EndPAD
$PAD "2"
Shape Circle Layer both
position  0.000000  4.500000  size  2.000000  2.000000  orientation 90.00
drill  1.100000
shape_offset  0.000000  0.000000
$EndPAD
$PAD "2"
Shape Circle Layer both
position  6.500000  4.500000  size  2.000000  2.000000  orientation 90.00
drill  1.100000
shape_offset  0.000000  0.000000
$EndPAD
$EndMODULE  SW73

$MODULE SW74
footprint Button_Switch_THT:SW_PUSH_KEYB_6mm_H4.3mm
attribut none
position 134.261500 133.043500  orientation 0.00
layer front
$PAD "1"
Shape Circle Layer both
position  0.000000  0.000000  size  2.000000  2.000000  orientation 90.00
drill  1.100000
shape_offset  0.000000  0.000000
$EndPAD
$PAD "1"
Shape Circle Layer both
position  6.500000  0.000000  size  2.000000  2.000000  orientation 90.00
drill  1.100000
shape_offset  0.000000  0.000000
$EndPAD
$PAD "2"
Shape Circle Layer both
position  0.000000  4.500000  size  2.000000  2.000000  orientation 90.00
drill  1.100000
shape_offset  0.000000  0.000000
$EndPAD
$PAD "2"
Shape Circle Layer both
position  6.500000  4.500000  size  2.000000  2.000000  orientation 90.00
drill  1.100000
shape_offset  0.000000  0.000000
$EndPAD
$EndMODULE  SW74

$MODULE SW75
footprint Button_Switch_THT:SW_PUSH_KEYB_6mm_H4.3mm
attribut none
position 144.261500 133.043500  orientation 0.00
layer front
$PAD "1"
Shape Circle Layer both
position  0.000000  0.000000  size  2.000000  2.000000  orientation 90.00
drill  1.100000
shape_offset  0.000000  0.000000
$EndPAD
$PAD "1"
Shape Circle Layer both
position  6.500000  0.000000  size  2.000000  2.000000  orientation 90.00
drill  1.100000
shape_offset  0.000000  0.000000
$EndPAD
$PAD "2"
Shape Circle Layer both
position  0.000000  4.500000  size  2.000000  2.000000  orientation 90.00
drill  1.100000
shape_offset  0.000000  0.000000
$EndPAD
$PAD "2"
Shape Circle Layer both
position  6.500000  4.500000  size  2.000000  2.000000  orientation 90.00
drill  1.100000
shape_offset  0.000000  0.000000
$EndPAD
$EndMODULE  SW75

$MODULE SW76
footprint Button_Switch_THT:SW_PUSH_KEYB_6mm_H4.3mm
attribut none
position 154.261500 133.043500  orientation 0.00
layer front
$PAD "1"
Shape Circle Layer both
position  0.000000  0.000000  size  2.000000  2.000000  orientation 90.00
drill  1.100000
shape_offset  0.000000  0.000000
$EndPAD
$PAD "1"
Shape Circle Layer both
position  6.500000  0.000000  size  2.000000  2.000000  orientation 90.00
drill  1.100000
shape_offset  0.000000  0.000000
$EndPAD
$PAD "2"
Shape Circle Layer both
position  0.000000  4.500000  size  2.000000  2.000000  orientation 90.00
drill  1.100000
shape_offset  0.000000  0.000000
$EndPAD
$PAD "2"
Shape Circle Layer both
position  6.500000  4.500000  size  2.000000  2.000000  orientation 90.00
drill  1.100000
shape_offset  0.000000  0.000000
$EndPAD
$EndMODULE  SW76

$MODULE SW77
footprint Button_Switch_THT:SW_PUSH_KEYB_6mm_H4.3mm
attribut none
position 164.261500 133.043500  orientation 0.00
layer front
$PAD "1"
Shape Circle Layer both
position  0.000000  0.000000  size  2.000000  2.000000  orientation 90.00
drill  1.100000
shape_offset  0.000000  0.000000
$EndPAD
$PAD "1"
Shape Circle Layer both
position  6.500000  0.000000  size  2.000000  2.000000  orientation 90.00
drill  1.100000
shape_offset  0.000000  0.000000
$EndPAD
$PAD "2"
Shape Circle Layer both
position  0.000000  4.500000  size  2.000000  2.000000  orientation 90.00
drill  1.100000
shape_offset  0.000000  0.000000
$EndPAD
$PAD "2"
Shape Circle Layer both
position  6.500000  4.500000  size  2.000000  2.000000  orientation 90.00
drill  1.100000
shape_offset  0.000000  0.000000
$EndPAD
$EndMODULE  SW77

$MODULE SW78
footprint Button_Switch_THT:SW_PUSH_KEYB_6mm_H4.3mm
attribut none
position 48.511500 143.793500  orientation 0.00
layer front
$PAD "1"
Shape Circle Layer both
position  0.000000  0.000000  size  2.000000  2.000000  orientation 90.00
drill  1.100000
shape_offset  0.000000  0.000000
$EndPAD
$PAD "1"
Shape Circle Layer both
position  6.500000  0.000000  size  2.000000  2.000000  orientation 90.00
drill  1.100000
shape_offset  0.000000  0.000000
$EndPAD
$PAD "2"
Shape Circle Layer both
position  0.000000  4.500000  size  2.000000  2.000000  orientation 90.00
drill  1.100000
shape_offset  0.000000  0.000000
$EndPAD
$PAD "2"
Shape Circle Layer both
position  6.500000  4.500000  size  2.000000  2.000000  orientation 90.00
drill  1.100000
shape_offset  0.000000  0.000000
$EndPAD
$EndMODULE  SW78

$MODULE SW79
footprint Button_Switch_THT:SW_PUSH_KEYB_6mm_H4.3mm
attribut none
position 60.011500 143.793500  orientation 0.00
layer front
$PAD "1"
Shape Circle Layer both
position  0.000000  0.000000  size  2.000000  2.000000  orientation 90.00
drill  1.100000
shape_offset  0.000000  0.000000
$EndPAD
$PAD "1"
Shape Circle Layer both
position  6.500000  0.000000  size  2.000000  2.000000  orientation 90.00
drill  1.100000
shape_offset  0.000000  0.000000
$EndPAD
$PAD "2"
Shape Circle Layer both
position  0.000000  4.500000  size  2.000000  2.000000  orientation 90.00
drill  1.100000
shape_offset  0.000000  0.000000
$EndPAD
$PAD "2"
Shape Circle Layer both
position  6.500000  4.500000  size  2.000000  2.000000  orientation 90.00
drill  1.100000
shape_offset  0.000000  0.000000
$EndPAD
$EndMODULE  SW79

$MODULE SW80
footprint Button_Switch_THT:SW_PUSH_KEYB_6mm_H4.3mm
attribut none
position 84.261500 143.793500  orientation 0.00
layer front
$PAD "1"
Shape Circle Layer both
position  0.000000  0.000000  size  2.000000  2.000000  orientation 90.00
drill  1.100000
shape_offset  0.000000  0.000000
$EndPAD
$PAD "1"
Shape Circle Layer both
position  6.500000  0.000000  size  2.000000  2.000000  orientation 90.00
drill  1.100000
shape_offset  0.000000  0.000000
$EndPAD
$PAD "2"
Shape Circle Layer both
position  0.000000  4.500000  size  2.000000  2.000000  orientation 90.00
drill  1.100000
shape_offset  0.000000  0.000000
$EndPAD
$PAD "2"
Shape Circle Layer both
position  6.500000  4.500000  size  2.000000  2.000000  orientation 90.00
drill  1.100000
shape_offset  0.000000  0.000000
$EndPAD
$EndMODULE  SW80

$MODULE SW81
footprint Button_Switch_THT:SW_PUSH_KEYB_6mm_H4.3mm
attribut none
position 148.761500 143.793500  orientation 0.00
layer front
$PAD "1"
Shape Circle Layer both
position  0.000000  0.000000  size  2.000000  2.000000  orientation 90.00
drill  1.100000
shape_offset  0.000000  0.000000
$EndPAD
$PAD "1"
Shape Circle Layer both
position  6.500000  0.000000  size  2.000000  2.000000  orientation 90.00
drill  1.100000
shape_offset  0.000000  0.000000
$EndPAD
$PAD "2"
Shape Circle Layer both
position  0.000000  4.500000  size  2.000000  2.000000  orientation 90.00
drill  1.100000
shape_offset  0.000000  0.000000
$EndPAD
$PAD "2"
Shape Circle Layer both
position  6.500000  4.500000  size  2.000000  2.000000  orientation 90.00
drill  1.100000
shape_offset  0.000000  0.000000
$EndPAD
$EndMODULE  SW81

$MODULE SW82
footprint Button_Switch_THT:SW_PUSH_KEYB_6mm_H4.3mm
attribut none
position 159.011500 143.793500  orientation 0.00
layer front
$PAD "1"
Shape Circle Layer both
position  0.000000  0.000000  size  2.000000  2.000000  orientation 90.00
drill  1.100000
shape_offset  0.000000  0.000000
$EndPAD
$PAD "1"
Shape Circle Layer both
position  6.500000  0.000000  size  2.000000  2.000000  orientation 90.00
drill  1.100000
shape_offset  0.000000  0.000000
$EndPAD
$PAD "2"
Shape Circle Layer both
position  0.000000  4.500000  size  2.000000  2.000000  orientation 90.00
drill  1.100000
shape_offset  0.000000  0.000000
$EndPAD
$PAD "2"
Shape Circle Layer both
position  6.500000  4.500000  size  2.000000  2.000000  orientation 90.00
drill  1.100000
shape_offset  0.000000  0.000000
$EndPAD
$EndMODULE  SW82

$MODULE SW83
footprint Button_Switch_THT:SW_PUSH_KEYB_6mm_H4.3mm
attribut none
position 184.750000 90.000000  orientation 0.00
layer front
$PAD "1"
Shape Circle Layer both
position  0.000000  0.000000  size  2.000000  2.000000  orientation 90.00
drill  1.100000
shape_offset  0.000000  0.000000
$EndPAD
$PAD "1"
Shape Circle Layer both
position  6.500000  0.000000  size  2.000000  2.000000  orientation 90.00
drill  1.100000
shape_offset  0.000000  0.000000
$EndPAD
$PAD "2"
Shape Circle Layer both
position  0.000000  4.500000  size  2.000000  2.000000  orientation 90.00
drill  1.100000
shape_offset  0.000000  0.000000
$EndPAD
$PAD "2"
Shape Circle Layer both
position  6.500000  4.500000  size  2.000000  2.000000  orientation 90.00
drill  1.100000
shape_offset  0.000000  0.000000
$EndPAD
$EndMODULE  SW83

$MODULE SW84
footprint Button_Switch_THT:SW_PUSH_KEYB_6mm_H4.3mm
attribut none
position 124.261500 143.793500  orientation 0.00
layer front
$PAD "1"
Shape Circle Layer both
position  0.000000  0.000000  size  2.000000  2.000000  orientation 90.00
drill  1.100000
shape_offset  0.000000  0.000000
$EndPAD
$PAD "1"
Shape Circle Layer both
position  6.500000  0.000000  size  2.000000  2.000000  orientation 90.00
drill  1.100000
shape_offset  0.000000  0.000000
$EndPAD
$PAD "2"
Shape Circle Layer both
position  0.000000  4.500000  size  2.000000  2.000000  orientation 90.00
drill  1.100000
shape_offset  0.000000  0.000000
$EndPAD
$PAD "2"
Shape Circle Layer both
position  6.500000  4.500000  size  2.000000  2.000000  orientation 90.00
drill  1.100000
shape_offset  0.000000  0.000000
$EndPAD
$EndMODULE  SW84

$MODULE U1
footprint Package_DIP:DIP-20_W7.62mm_Socket
attribut none
position 48.575000 84.050000  orientation 90.00
layer front
$PAD "1"
Shape Rect Layer both
position  0.000000  0.000000  size  1.600000  1.600000  orientation 0.00
drill  0.800000
shape_offset  0.000000  0.000000
$EndPAD
$PAD "2"
Shape Oval Layer both
position  0.000000  2.540000  size  1.600000  1.600000  orientation 0.00
drill  0.800000
shape_offset  0.000000  0.000000
$EndPAD
$PAD "3"
Shape Oval Layer both
position  0.000000  5.080000  size  1.600000  1.600000  orientation 0.00
drill  0.800000
shape_offset  0.000000  0.000000
$EndPAD
$PAD "4"
Shape Oval Layer both
position  0.000000  7.620000  size  1.600000  1.600000  orientation 0.00
drill  0.800000
shape_offset  0.000000  0.000000
$EndPAD
$PAD "5"
Shape Oval Layer both
position  0.000000 10.160000  size  1.600000  1.600000  orientation 0.00
drill  0.800000
shape_offset  0.000000  0.000000
$EndPAD
$PAD "6"
Shape Oval Layer both
position  0.000000 12.700000  size  1.600000  1.600000  orientation 0.00
drill  0.800000
shape_offset  0.000000  0.000000
$EndPAD
$PAD "7"
Shape Oval Layer both
position  0.000000 15.240000  size  1.600000  1.600000  orientation 0.00
drill  0.800000
shape_offset  0.000000  0.000000
$EndPAD
$PAD "8"
Shape Oval Layer both
position  0.000000 17.780000  size  1.600000  1.600000  orientation 0.00
drill  0.800000
shape_offset  0.000000  0.000000
$EndPAD
$PAD "9"
Shape Oval Layer both
position  0.000000 20.320000  size  1.600000  1.600000  orientation 0.00
drill  0.800000
shape_offset  0.000000  0.000000
$EndPAD
$PAD "10"
Shape Oval Layer both
position  0.000000 22.860000  size  1.600000  1.600000  orientation 0.00
drill  0.800000
shape_offset  0.000000  0.000000
$EndPAD
$PAD "11"
Shape Oval Layer both
position  7.620000 22.860000  size  1.600000  1.600000  orientation 0.00
drill  0.800000
shape_offset  0.000000  0.000000
$EndPAD
$PAD "12"
Shape Oval Layer both
position  7.620000 20.320000  size  1.600000  1.600000  orientation 0.00
drill  0.800000
shape_offset  0.000000  0.000000
$EndPAD
$PAD "13"
Shape Oval Layer both
position  7.620000 17.780000  size  1.600000  1.600000  orientation 0.00
drill  0.800000
shape_offset  0.000000  0.000000
$EndPAD
$PAD "14"
Shape Oval Layer both
position  7.620000 15.240000  size  1.600000  1.600000  orientation 0.00
drill  0.800000
shape_offset  0.000000  0.000000
$EndPAD
$PAD "15"
Shape Oval Layer both
position  7.620000 12.700000  size  1.600000  1.600000  orientation 0.00
drill  0.800000
shape_offset  0.000000  0.000000
$EndPAD
$PAD "16"
Shape Oval Layer both
position  7.620000 10.160000  size  1.600000  1.600000  orientation 0.00
drill  0.800000
shape_offset  0.000000  0.000000
$EndPAD
$PAD "17"
Shape Oval Layer both
position  7.620000  7.620000  size  1.600000  1.600000  orientation 0.00
drill  0.800000
shape_offset  0.000000  0.000000
$EndPAD
$PAD "18"
Shape Oval Layer both
position  7.620000  5.080000  size  1.600000  1.600000  orientation 0.00
drill  0.800000
shape_offset  0.000000  0.000000
$EndPAD
$PAD "19"
Shape Oval Layer both
position  7.620000  2.540000  size  1.600000  1.600000  orientation 0.00
drill  0.800000
shape_offset  0.000000  0.000000
$EndPAD
$PAD "20"
Shape Oval Layer both
position  7.620000  0.000000  size  1.600000  1.600000  orientation 0.00
drill  0.800000
shape_offset  0.000000  0.000000
$EndPAD
$EndMODULE  U1

$MODULE U2
footprint Package_DIP:DIP-16_W7.62mm_Socket
attribut none
position 89.887000 84.074000  orientation 90.00
layer front
$PAD "1"
Shape Rect Layer both
position  0.000000  0.000000  size  1.600000  1.600000  orientation 0.00
drill  0.800000
shape_offset  0.000000  0.000000
$EndPAD
$PAD "2"
Shape Oval Layer both
position  0.000000  2.540000  size  1.600000  1.600000  orientation 0.00
drill  0.800000
shape_offset  0.000000  0.000000
$EndPAD
$PAD "3"
Shape Oval Layer both
position  0.000000  5.080000  size  1.600000  1.600000  orientation 0.00
drill  0.800000
shape_offset  0.000000  0.000000
$EndPAD
$PAD "4"
Shape Oval Layer both
position  0.000000  7.620000  size  1.600000  1.600000  orientation 0.00
drill  0.800000
shape_offset  0.000000  0.000000
$EndPAD
$PAD "5"
Shape Oval Layer both
position  0.000000 10.160000  size  1.600000  1.600000  orientation 0.00
drill  0.800000
shape_offset  0.000000  0.000000
$EndPAD
$PAD "6"
Shape Oval Layer both
position  0.000000 12.700000  size  1.600000  1.600000  orientation 0.00
drill  0.800000
shape_offset  0.000000  0.000000
$EndPAD
$PAD "7"
Shape Oval Layer both
position  0.000000 15.240000  size  1.600000  1.600000  orientation 0.00
drill  0.800000
shape_offset  0.000000  0.000000
$EndPAD
$PAD "8"
Shape Oval Layer both
position  0.000000 17.780000  size  1.600000  1.600000  orientation 0.00
drill  0.800000
shape_offset  0.000000  0.000000
$EndPAD
$PAD "9"
Shape Oval Layer both
position  7.620000 17.780000  size  1.600000  1.600000  orientation 0.00
drill  0.800000
shape_offset  0.000000  0.000000
$EndPAD
$PAD "10"
Shape Oval Layer both
position  7.620000 15.240000  size  1.600000  1.600000  orientation 0.00
drill  0.800000
shape_offset  0.000000  0.000000
$EndPAD
$PAD "11"
Shape Oval Layer both
position  7.620000 12.700000  size  1.600000  1.600000  orientation 0.00
drill  0.800000
shape_offset  0.000000  0.000000
$EndPAD
$PAD "12"
Shape Oval Layer both
position  7.620000 10.160000  size  1.600000  1.600000  orientation 0.00
drill  0.800000
shape_offset  0.000000  0.000000
$EndPAD
$PAD "13"
Shape Oval Layer both
position  7.620000  7.620000  size  1.600000  1.600000  orientation 0.00
drill  0.800000
shape_offset  0.000000  0.000000
$EndPAD
$PAD "14"
Shape Oval Layer both
position  7.620000  5.080000  size  1.600000  1.600000  orientation 0.00
drill  0.800000
shape_offset  0.000000  0.000000
$EndPAD
$PAD "15"
Shape Oval Layer both
position  7.620000  2.540000  size  1.600000  1.600000  orientation 0.00
drill  0.800000
shape_offset  0.000000  0.000000
$EndPAD
$PAD "16"
Shape Oval Layer both
position  7.620000  0.000000  size  1.600000  1.600000  orientation 0.00
drill  0.800000
shape_offset  0.000000  0.000000
$EndPAD
$EndMODULE  U2

$MODULE U3
footprint Package_DIP:DIP-16_W7.62mm_Socket
attribut none
position 111.887000 84.074000  orientation 90.00
layer front
$PAD "1"
Shape Rect Layer both
position  0.000000  0.000000  size  1.600000  1.600000  orientation 0.00
drill  0.800000
shape_offset  0.000000  0.000000
$EndPAD
$PAD "2"
Shape Oval Layer both
position  0.000000  2.540000  size  1.600000  1.600000  orientation 0.00
drill  0.800000
shape_offset  0.000000  0.000000
$EndPAD
$PAD "3"
Shape Oval Layer both
position  0.000000  5.080000  size  1.600000  1.600000  orientation 0.00
drill  0.800000
shape_offset  0.000000  0.000000
$EndPAD
$PAD "4"
Shape Oval Layer both
position  0.000000  7.620000  size  1.600000  1.600000  orientation 0.00
drill  0.800000
shape_offset  0.000000  0.000000
$EndPAD
$PAD "5"
Shape Oval Layer both
position  0.000000 10.160000  size  1.600000  1.600000  orientation 0.00
drill  0.800000
shape_offset  0.000000  0.000000
$EndPAD
$PAD "6"
Shape Oval Layer both
position  0.000000 12.700000  size  1.600000  1.600000  orientation 0.00
drill  0.800000
shape_offset  0.000000  0.000000
$EndPAD
$PAD "7"
Shape Oval Layer both
position  0.000000 15.240000  size  1.600000  1.600000  orientation 0.00
drill  0.800000
shape_offset  0.000000  0.000000
$EndPAD
$PAD "8"
Shape Oval Layer both
position  0.000000 17.780000  size  1.600000  1.600000  orientation 0.00
drill  0.800000
shape_offset  0.000000  0.000000
$EndPAD
$PAD "9"
Shape Oval Layer both
position  7.620000 17.780000  size  1.600000  1.600000  orientation 0.00
drill  0.800000
shape_offset  0.000000  0.000000
$EndPAD
$PAD "10"
Shape Oval Layer both
position  7.620000 15.240000  size  1.600000  1.600000  orientation 0.00
drill  0.800000
shape_offset  0.000000  0.000000
$EndPAD
$PAD "11"
Shape Oval Layer both
position  7.620000 12.700000  size  1.600000  1.600000  orientation 0.00
drill  0.800000
shape_offset  0.000000  0.000000
$EndPAD
$PAD "12"
Shape Oval Layer both
position  7.620000 10.160000  size  1.600000  1.600000  orientation 0.00
drill  0.800000
shape_offset  0.000000  0.000000
$EndPAD
$PAD "13"
Shape Oval Layer both
position  7.620000  7.620000  size  1.600000  1.600000  orientation 0.00
drill  0.800000
shape_offset  0.000000  0.000000
$EndPAD
$PAD "14"
Shape Oval Layer both
position  7.620000  5.080000  size  1.600000  1.600000  orientation 0.00
drill  0.800000
shape_offset  0.000000  0.000000
$EndPAD
$PAD "15"
Shape Oval Layer both
position  7.620000  2.540000  size  1.600000  1.600000  orientation 0.00
drill  0.800000
shape_offset  0.000000  0.000000
$EndPAD
$PAD "16"
Shape Oval Layer both
position  7.620000  0.000000  size  1.600000  1.600000  orientation 0.00
drill  0.800000
shape_offset  0.000000  0.000000
$EndPAD
$EndMODULE  U3

$MODULE U4
footprint Package_DIP:DIP-16_W7.62mm_Socket
attribut none
position 137.150000 84.064000  orientation 90.00
layer front
$PAD "1"
Shape Rect Layer both
position  0.000000  0.000000  size  1.600000  1.600000  orientation 0.00
drill  0.800000
shape_offset  0.000000  0.000000
$EndPAD
$PAD "2"
Shape Oval Layer both
position  0.000000  2.540000  size  1.600000  1.600000  orientation 0.00
drill  0.800000
shape_offset  0.000000  0.000000
$EndPAD
$PAD "3"
Shape Oval Layer both
position  0.000000  5.080000  size  1.600000  1.600000  orientation 0.00
drill  0.800000
shape_offset  0.000000  0.000000
$EndPAD
$PAD "4"
Shape Oval Layer both
position  0.000000  7.620000  size  1.600000  1.600000  orientation 0.00
drill  0.800000
shape_offset  0.000000  0.000000
$EndPAD
$PAD "5"
Shape Oval Layer both
position  0.000000 10.160000  size  1.600000  1.600000  orientation 0.00
drill  0.800000
shape_offset  0.000000  0.000000
$EndPAD
$PAD "6"
Shape Oval Layer both
position  0.000000 12.700000  size  1.600000  1.600000  orientation 0.00
drill  0.800000
shape_offset  0.000000  0.000000
$EndPAD
$PAD "7"
Shape Oval Layer both
position  0.000000 15.240000  size  1.600000  1.600000  orientation 0.00
drill  0.800000
shape_offset  0.000000  0.000000
$EndPAD
$PAD "8"
Shape Oval Layer both
position  0.000000 17.780000  size  1.600000  1.600000  orientation 0.00
drill  0.800000
shape_offset  0.000000  0.000000
$EndPAD
$PAD "9"
Shape Oval Layer both
position  7.620000 17.780000  size  1.600000  1.600000  orientation 0.00
drill  0.800000
shape_offset  0.000000  0.000000
$EndPAD
$PAD "10"
Shape Oval Layer both
position  7.620000 15.240000  size  1.600000  1.600000  orientation 0.00
drill  0.800000
shape_offset  0.000000  0.000000
$EndPAD
$PAD "11"
Shape Oval Layer both
position  7.620000 12.700000  size  1.600000  1.600000  orientation 0.00
drill  0.800000
shape_offset  0.000000  0.000000
$EndPAD
$PAD "12"
Shape Oval Layer both
position  7.620000 10.160000  size  1.600000  1.600000  orientation 0.00
drill  0.800000
shape_offset  0.000000  0.000000
$EndPAD
$PAD "13"
Shape Oval Layer both
position  7.620000  7.620000  size  1.600000  1.600000  orientation 0.00
drill  0.800000
shape_offset  0.000000  0.000000
$EndPAD
$PAD "14"
Shape Oval Layer both
position  7.620000  5.080000  size  1.600000  1.600000  orientation 0.00
drill  0.800000
shape_offset  0.000000  0.000000
$EndPAD
$PAD "15"
Shape Oval Layer both
position  7.620000  2.540000  size  1.600000  1.600000  orientation 0.00
drill  0.800000
shape_offset  0.000000  0.000000
$EndPAD
$PAD "16"
Shape Oval Layer both
position  7.620000  0.000000  size  1.600000  1.600000  orientation 0.00
drill  0.800000
shape_offset  0.000000  0.000000
$EndPAD
$EndMODULE  U4

$EndDESCRIPTION
